#
# There is insufficient memory for the Java Runtime Environment to continue.
# Native memory allocation (mmap) failed to map 526385152 bytes for G1 virtual space
# Possible reasons:
#   The system is out of physical RAM or swap space
#   The process is running with CompressedOops enabled, and the Java Heap may be blocking the growth of the native heap
# Possible solutions:
#   Reduce memory load on the system
#   Increase physical memory or swap space
#   Check if swap backing store is full
#   Decrease Java heap size (-Xmx/-Xms)
#   Decrease number of Java threads
#   Decrease Java thread stack sizes (-Xss)
#   Set larger code cache with -XX:ReservedCodeCacheSize=
#   JVM is running with Unscaled Compressed Oops mode in which the Java heap is
#     placed in the first 4GB address space. The Java Heap base address is the
#     maximum limit for the native heap growth. Please use -XX:HeapBaseMinAddress
#     to set the Java Heap base and to place the Java Heap above 4GB virtual address.
# This output file may be truncated or incomplete.
#
#  Out of Memory Error (os_windows.cpp:3769), pid=6484, tid=2680
#
# JRE version: OpenJDK Runtime Environment (17.0.6) (build 17.0.6+0-b2043.56-9586694)
# Java VM: OpenJDK 64-Bit Server VM (17.0.6+0-b2043.56-9586694, mixed mode, tiered, compressed oops, compressed class ptrs, g1 gc, windows-amd64)
# No core dump will be written. Minidumps are not enabled by default on client versions of Windows
#

---------------  S U M M A R Y ------------

Command Line: --add-opens=java.base/java.util=ALL-UNNAMED --add-opens=java.base/java.lang=ALL-UNNAMED --add-opens=java.base/java.lang.invoke=ALL-UNNAMED --add-opens=java.prefs/java.util.prefs=ALL-UNNAMED --add-opens=java.base/java.nio.charset=ALL-UNNAMED --add-opens=java.base/java.net=ALL-UNNAMED --add-opens=java.base/java.util.concurrent.atomic=ALL-UNNAMED -Xmx2048m -Dfile.encoding=UTF-8 -Duser.country=US -Duser.language=en -Duser.variant org.gradle.launcher.daemon.bootstrap.GradleDaemon 8.0

Host: Intel(R) Core(TM) i5-3340M CPU @ 2.70GHz, 4 cores, 7G,  Windows 10 , 64 bit Build 21996 (10.0.21996.1)
Time: Sun Jun  4 10:13:56 2023 Mountain Daylight Time elapsed time: 28.560401 seconds (0d 0h 0m 28s)

---------------  T H R E A D  ---------------

Current thread (0x000001e2fe66ab30):  VMThread "VM Thread" [stack: 0x000000b2b7800000,0x000000b2b7900000] [id=2680]

Stack: [0x000000b2b7800000,0x000000b2b7900000]
Native frames: (J=compiled Java code, j=interpreted, Vv=VM code, C=native code)
V  [jvm.dll+0x683b4a]
V  [jvm.dll+0x842654]
V  [jvm.dll+0x843dfe]
V  [jvm.dll+0x844463]
V  [jvm.dll+0x249b75]
V  [jvm.dll+0x680a19]
V  [jvm.dll+0x674f0a]
V  [jvm.dll+0x309acb]
V  [jvm.dll+0x310f86]
V  [jvm.dll+0x3608ee]
V  [jvm.dll+0x360b1f]
V  [jvm.dll+0x2dfbf8]
V  [jvm.dll+0x2ddec4]
V  [jvm.dll+0x2dd4cc]
V  [jvm.dll+0x321f3b]
V  [jvm.dll+0x84893b]
V  [jvm.dll+0x849674]
V  [jvm.dll+0x849b8d]
V  [jvm.dll+0x849f64]
V  [jvm.dll+0x84a030]
V  [jvm.dll+0x7f25fa]
V  [jvm.dll+0x682985]
C  [ucrtbase.dll+0x26c0c]
C  [KERNEL32.DLL+0x154e0]
C  [ntdll.dll+0x485b]

VM_Operation (0x000000b2bddfdcd0): G1CollectForAllocation, mode: safepoint, requested by thread 0x000001e29b72d870


---------------  P R O C E S S  ---------------

Threads class SMR info:
_java_thread_list=0x000001e29b45e1d0, length=98, elements={
0x000001e2f60a9150, 0x000001e2fe670860, 0x000001e2fe6716d0, 0x000001e2fe6ac320,
0x000001e2fe6acf90, 0x000001e2ff01a000, 0x000001e2ff01a8c0, 0x000001e2ff01b560,
0x000001e2ff01d010, 0x000001e2ff082950, 0x000001e2ff197ef0, 0x000001e2ff1987d0,
0x000001e292ecb7d0, 0x000001e293443290, 0x000001e291c9f0d0, 0x000001e292994550,
0x000001e291d79340, 0x000001e291a886e0, 0x000001e291a88bb0, 0x000001e29304f950,
0x000001e29304d2d0, 0x000001e29304f480, 0x000001e29304fe20, 0x000001e29304e140,
0x000001e29304eae0, 0x000001e29304efb0, 0x000001e2930502f0, 0x000001e2930507c0,
0x000001e29304ce00, 0x000001e29304d7a0, 0x000001e29304dc70, 0x000001e29304e610,
0x000001e293c95950, 0x000001e293c932d0, 0x000001e293c92460, 0x000001e293c91120,
0x000001e293c962f0, 0x000001e293c95480, 0x000001e293c967c0, 0x000001e293c94140,
0x000001e293c94610, 0x000001e293c94fb0, 0x000001e293c96c90, 0x000001e293c91ac0,
0x000001e293c97160, 0x000001e293c97630, 0x000001e293c97b00, 0x000001e293c97fd0,
0x000001e293c984a0, 0x000001e293c915f0, 0x000001e293c91f90, 0x000001e293c92930,
0x000001e293c92e00, 0x000001e2ff3e0420, 0x000001e2ff3e2100, 0x000001e2ff3e1c30,
0x000001e2ff3e0dc0, 0x000001e2ff3e55f0, 0x000001e2ff3dff50, 0x000001e2ff3e08f0,
0x000001e2ff3e1760, 0x000001e2ff3e1290, 0x000001e2ff3e3910, 0x000001e2ff3e5ac0,
0x000001e2ff3e5f90, 0x000001e2ff3e6460, 0x000001e2ff3e25d0, 0x000001e2ff3e6930,
0x000001e2ff3e5120, 0x000001e2ff3e6e00, 0x000001e2ff3e2aa0, 0x000001e2ff3df5b0,
0x000001e2ff3dfa80, 0x000001e2ff3e2f70, 0x000001e2ff3e3440, 0x000001e2ff3e3de0,
0x000001e2ff3e42b0, 0x000001e2ff3e4c50, 0x000001e2ff3e4780, 0x000001e2946bf9f0,
0x000001e2946c16d0, 0x000001e2946c0390, 0x000001e2946c0860, 0x000001e2946bf520,
0x000001e29971ca00, 0x000001e29971b6c0, 0x000001e29971b1f0, 0x000001e29971ced0,
0x000001e29971d870, 0x000001e2968bf7a0, 0x000001e2946be6b0, 0x000001e2946bfec0,
0x000001e29b7299e0, 0x000001e29b729510, 0x000001e29b72c060, 0x000001e29b72d870,
0x000001e29b72e6e0, 0x000001e29b72c530
}

Java Threads: ( => current thread )
  0x000001e2f60a9150 JavaThread "main" [_thread_blocked, id=7776, stack(0x000000b2b7200000,0x000000b2b7300000)]
  0x000001e2fe670860 JavaThread "Reference Handler" daemon [_thread_blocked, id=8368, stack(0x000000b2b7900000,0x000000b2b7a00000)]
  0x000001e2fe6716d0 JavaThread "Finalizer" daemon [_thread_blocked, id=8376, stack(0x000000b2b7a00000,0x000000b2b7b00000)]
  0x000001e2fe6ac320 JavaThread "Signal Dispatcher" daemon [_thread_blocked, id=8336, stack(0x000000b2b7b00000,0x000000b2b7c00000)]
  0x000001e2fe6acf90 JavaThread "Attach Listener" daemon [_thread_blocked, id=7780, stack(0x000000b2b7c00000,0x000000b2b7d00000)]
  0x000001e2ff01a000 JavaThread "Service Thread" daemon [_thread_blocked, id=8036, stack(0x000000b2b7d00000,0x000000b2b7e00000)]
  0x000001e2ff01a8c0 JavaThread "Monitor Deflation Thread" daemon [_thread_blocked, id=8360, stack(0x000000b2b7e00000,0x000000b2b7f00000)]
  0x000001e2ff01b560 JavaThread "C2 CompilerThread0" daemon [_thread_in_native, id=6924, stack(0x000000b2b7f00000,0x000000b2b8000000)]
  0x000001e2ff01d010 JavaThread "C1 CompilerThread0" daemon [_thread_blocked, id=3208, stack(0x000000b2b8000000,0x000000b2b8100000)]
  0x000001e2ff082950 JavaThread "Sweeper thread" daemon [_thread_blocked, id=6492, stack(0x000000b2b8100000,0x000000b2b8200000)]
  0x000001e2ff197ef0 JavaThread "Common-Cleaner" daemon [_thread_blocked, id=4036, stack(0x000000b2b8200000,0x000000b2b8300000)]
  0x000001e2ff1987d0 JavaThread "Notification Thread" daemon [_thread_blocked, id=1288, stack(0x000000b2b8300000,0x000000b2b8400000)]
  0x000001e292ecb7d0 JavaThread "Daemon health stats" [_thread_blocked, id=1916, stack(0x000000b2b8900000,0x000000b2b8a00000)]
  0x000001e293443290 JavaThread "Incoming local TCP Connector on port 59945" [_thread_in_native, id=1380, stack(0x000000b2b8500000,0x000000b2b8600000)]
  0x000001e291c9f0d0 JavaThread "Daemon periodic checks" [_thread_blocked, id=7120, stack(0x000000b2b8a00000,0x000000b2b8b00000)]
  0x000001e292994550 JavaThread "Daemon" [_thread_blocked, id=4832, stack(0x000000b2b8b00000,0x000000b2b8c00000)]
  0x000001e291d79340 JavaThread "Handler for socket connection from /127.0.0.1:59945 to /127.0.0.1:59946" [_thread_in_native, id=5096, stack(0x000000b2b8c00000,0x000000b2b8d00000)]
  0x000001e291a886e0 JavaThread "Cancel handler" [_thread_blocked, id=2556, stack(0x000000b2b8d00000,0x000000b2b8e00000)]
  0x000001e291a88bb0 JavaThread "Daemon worker" [_thread_blocked, id=6480, stack(0x000000b2b8e00000,0x000000b2b8f00000)]
  0x000001e29304f950 JavaThread "Asynchronous log dispatcher for DefaultDaemonConnection: socket connection from /127.0.0.1:59945 to /127.0.0.1:59946" [_thread_blocked, id=6312, stack(0x000000b2b8f00000,0x000000b2b9000000)]
  0x000001e29304d2d0 JavaThread "Stdin handler" [_thread_blocked, id=5696, stack(0x000000b2b9000000,0x000000b2b9100000)]
  0x000001e29304f480 JavaThread "Daemon client event forwarder" [_thread_blocked, id=8476, stack(0x000000b2b9100000,0x000000b2b9200000)]
  0x000001e29304fe20 JavaThread "Cache worker for journal cache (C:\Users\STAR\.gradle\caches\journal-1)" [_thread_blocked, id=800, stack(0x000000b2b9200000,0x000000b2b9300000)]
  0x000001e29304e140 JavaThread "File lock request listener" [_thread_in_native, id=6928, stack(0x000000b2b9300000,0x000000b2b9400000)]
  0x000001e29304eae0 JavaThread "Cache worker for file hash cache (C:\Users\STAR\.gradle\caches\8.0\fileHashes)" [_thread_blocked, id=1444, stack(0x000000b2b9400000,0x000000b2b9500000)]
  0x000001e29304efb0 JavaThread "File watcher server" daemon [_thread_in_native, id=8480, stack(0x000000b2b9600000,0x000000b2b9700000)]
  0x000001e2930502f0 JavaThread "File watcher consumer" daemon [_thread_blocked, id=2396, stack(0x000000b2b9700000,0x000000b2b9800000)]
  0x000001e2930507c0 JavaThread "Cache worker for checksums cache (D:\Android Projects\Project\.gradle\8.0\checksums)" [_thread_blocked, id=4636, stack(0x000000b2b9800000,0x000000b2b9900000)]
  0x000001e29304ce00 JavaThread "Cache worker for cache directory md-rule (C:\Users\STAR\.gradle\caches\8.0\md-rule)" [_thread_blocked, id=4812, stack(0x000000b2b9900000,0x000000b2b9a00000)]
  0x000001e29304d7a0 JavaThread "Cache worker for file content cache (C:\Users\STAR\.gradle\caches\8.0\fileContent)" [_thread_blocked, id=5884, stack(0x000000b2b9a00000,0x000000b2b9b00000)]
  0x000001e29304dc70 JavaThread "Cache worker for file hash cache (D:\Android Projects\Project\.gradle\8.0\fileHashes)" [_thread_blocked, id=8484, stack(0x000000b2b9b00000,0x000000b2b9c00000)]
  0x000001e29304e610 JavaThread "Cache worker for cache directory md-supplier (C:\Users\STAR\.gradle\caches\8.0\md-supplier)" [_thread_blocked, id=8488, stack(0x000000b2b9c00000,0x000000b2b9d00000)]
  0x000001e293c95950 JavaThread "Cache worker for execution history cache (C:\Users\STAR\.gradle\caches\8.0\executionHistory)" [_thread_blocked, id=4568, stack(0x000000b2b9d00000,0x000000b2b9e00000)]
  0x000001e293c932d0 JavaThread "jar transforms" [_thread_blocked, id=8536, stack(0x000000b2b9e00000,0x000000b2b9f00000)]
  0x000001e293c92460 JavaThread "jar transforms Thread 2" [_thread_blocked, id=5644, stack(0x000000b2b9f00000,0x000000b2ba000000)]
  0x000001e293c91120 JavaThread "jar transforms Thread 3" [_thread_blocked, id=5252, stack(0x000000b2b9500000,0x000000b2b9600000)]
  0x000001e293c962f0 JavaThread "jar transforms Thread 4" [_thread_blocked, id=8772, stack(0x000000b2ba200000,0x000000b2ba300000)]
  0x000001e293c95480 JavaThread "Cache worker for dependencies-accessors (D:\Android Projects\Project\.gradle\8.0\dependencies-accessors)" [_thread_blocked, id=8660, stack(0x000000b2ba300000,0x000000b2ba400000)]
  0x000001e293c967c0 JavaThread "Cache worker for Build Output Cleanup Cache (D:\Android Projects\Project\.gradle\buildOutputCleanup)" [_thread_blocked, id=3780, stack(0x000000b2ba400000,0x000000b2ba500000)]
  0x000001e293c94140 JavaThread "Unconstrained build operations" [_thread_blocked, id=4068, stack(0x000000b2ba500000,0x000000b2ba600000)]
  0x000001e293c94610 JavaThread "Unconstrained build operations Thread 2" [_thread_blocked, id=8176, stack(0x000000b2ba600000,0x000000b2ba700000)]
  0x000001e293c94fb0 JavaThread "Unconstrained build operations Thread 3" [_thread_blocked, id=7260, stack(0x000000b2ba700000,0x000000b2ba800000)]
  0x000001e293c96c90 JavaThread "Unconstrained build operations Thread 4" [_thread_blocked, id=3196, stack(0x000000b2ba800000,0x000000b2ba900000)]
  0x000001e293c91ac0 JavaThread "Unconstrained build operations Thread 5" [_thread_blocked, id=5340, stack(0x000000b2ba900000,0x000000b2baa00000)]
  0x000001e293c97160 JavaThread "Unconstrained build operations Thread 6" [_thread_blocked, id=7284, stack(0x000000b2baa00000,0x000000b2bab00000)]
  0x000001e293c97630 JavaThread "Unconstrained build operations Thread 7" [_thread_blocked, id=7316, stack(0x000000b2bab00000,0x000000b2bac00000)]
  0x000001e293c97b00 JavaThread "Unconstrained build operations Thread 8" [_thread_blocked, id=4092, stack(0x000000b2bac00000,0x000000b2bad00000)]
  0x000001e293c97fd0 JavaThread "Unconstrained build operations Thread 9" [_thread_blocked, id=8196, stack(0x000000b2bad00000,0x000000b2bae00000)]
  0x000001e293c984a0 JavaThread "Unconstrained build operations Thread 10" [_thread_blocked, id=7920, stack(0x000000b2bae00000,0x000000b2baf00000)]
  0x000001e293c915f0 JavaThread "Unconstrained build operations Thread 11" [_thread_blocked, id=3500, stack(0x000000b2baf00000,0x000000b2bb000000)]
  0x000001e293c91f90 JavaThread "Unconstrained build operations Thread 12" [_thread_blocked, id=4200, stack(0x000000b2bb000000,0x000000b2bb100000)]
  0x000001e293c92930 JavaThread "Unconstrained build operations Thread 13" [_thread_blocked, id=5852, stack(0x000000b2bb100000,0x000000b2bb200000)]
  0x000001e293c92e00 JavaThread "Unconstrained build operations Thread 14" [_thread_blocked, id=5664, stack(0x000000b2bb200000,0x000000b2bb300000)]
  0x000001e2ff3e0420 JavaThread "Unconstrained build operations Thread 15" [_thread_blocked, id=2808, stack(0x000000b2bb300000,0x000000b2bb400000)]
  0x000001e2ff3e2100 JavaThread "Unconstrained build operations Thread 16" [_thread_blocked, id=4364, stack(0x000000b2bb400000,0x000000b2bb500000)]
  0x000001e2ff3e1c30 JavaThread "Unconstrained build operations Thread 17" [_thread_blocked, id=4316, stack(0x000000b2bb500000,0x000000b2bb600000)]
  0x000001e2ff3e0dc0 JavaThread "Unconstrained build operations Thread 18" [_thread_blocked, id=3492, stack(0x000000b2bb600000,0x000000b2bb700000)]
  0x000001e2ff3e55f0 JavaThread "Unconstrained build operations Thread 19" [_thread_blocked, id=4192, stack(0x000000b2bb700000,0x000000b2bb800000)]
  0x000001e2ff3dff50 JavaThread "Unconstrained build operations Thread 20" [_thread_blocked, id=2752, stack(0x000000b2bb800000,0x000000b2bb900000)]
  0x000001e2ff3e08f0 JavaThread "Unconstrained build operations Thread 21" [_thread_blocked, id=3164, stack(0x000000b2bb900000,0x000000b2bba00000)]
  0x000001e2ff3e1760 JavaThread "Unconstrained build operations Thread 22" [_thread_blocked, id=4980, stack(0x000000b2bba00000,0x000000b2bbb00000)]
  0x000001e2ff3e1290 JavaThread "Unconstrained build operations Thread 23" [_thread_blocked, id=7980, stack(0x000000b2bbb00000,0x000000b2bbc00000)]
  0x000001e2ff3e3910 JavaThread "Unconstrained build operations Thread 24" [_thread_blocked, id=2380, stack(0x000000b2bbc00000,0x000000b2bbd00000)]
  0x000001e2ff3e5ac0 JavaThread "Unconstrained build operations Thread 25" [_thread_blocked, id=6920, stack(0x000000b2bbd00000,0x000000b2bbe00000)]
  0x000001e2ff3e5f90 JavaThread "Unconstrained build operations Thread 26" [_thread_blocked, id=3396, stack(0x000000b2bbe00000,0x000000b2bbf00000)]
  0x000001e2ff3e6460 JavaThread "Unconstrained build operations Thread 27" [_thread_blocked, id=8556, stack(0x000000b2bbf00000,0x000000b2bc000000)]
  0x000001e2ff3e25d0 JavaThread "Unconstrained build operations Thread 28" [_thread_blocked, id=4600, stack(0x000000b2bc000000,0x000000b2bc100000)]
  0x000001e2ff3e6930 JavaThread "Unconstrained build operations Thread 29" [_thread_blocked, id=7924, stack(0x000000b2bc100000,0x000000b2bc200000)]
  0x000001e2ff3e5120 JavaThread "Unconstrained build operations Thread 30" [_thread_blocked, id=7784, stack(0x000000b2bc200000,0x000000b2bc300000)]
  0x000001e2ff3e6e00 JavaThread "Unconstrained build operations Thread 31" [_thread_blocked, id=7804, stack(0x000000b2bc300000,0x000000b2bc400000)]
  0x000001e2ff3e2aa0 JavaThread "Unconstrained build operations Thread 32" [_thread_blocked, id=7184, stack(0x000000b2bc400000,0x000000b2bc500000)]
  0x000001e2ff3df5b0 JavaThread "Unconstrained build operations Thread 33" [_thread_blocked, id=1232, stack(0x000000b2bc500000,0x000000b2bc600000)]
  0x000001e2ff3dfa80 JavaThread "Unconstrained build operations Thread 34" [_thread_blocked, id=8056, stack(0x000000b2bc600000,0x000000b2bc700000)]
  0x000001e2ff3e2f70 JavaThread "Unconstrained build operations Thread 35" [_thread_blocked, id=1812, stack(0x000000b2bc700000,0x000000b2bc800000)]
  0x000001e2ff3e3440 JavaThread "Unconstrained build operations Thread 36" [_thread_blocked, id=2520, stack(0x000000b2bc800000,0x000000b2bc900000)]
  0x000001e2ff3e3de0 JavaThread "Unconstrained build operations Thread 37" [_thread_blocked, id=3960, stack(0x000000b2bc900000,0x000000b2bca00000)]
  0x000001e2ff3e42b0 JavaThread "Unconstrained build operations Thread 38" [_thread_blocked, id=240, stack(0x000000b2bca00000,0x000000b2bcb00000)]
  0x000001e2ff3e4c50 JavaThread "Unconstrained build operations Thread 39" [_thread_blocked, id=5524, stack(0x000000b2bcb00000,0x000000b2bcc00000)]
  0x000001e2ff3e4780 JavaThread "Unconstrained build operations Thread 40" [_thread_blocked, id=5436, stack(0x000000b2bcc00000,0x000000b2bcd00000)]
  0x000001e2946bf9f0 JavaThread "build event listener" [_thread_blocked, id=7312, stack(0x000000b2bcd00000,0x000000b2bce00000)]
  0x000001e2946c16d0 JavaThread "Memory manager" [_thread_blocked, id=1448, stack(0x000000b2bce00000,0x000000b2bcf00000)]
  0x000001e2946c0390 JavaThread "included builds" [_thread_blocked, id=712, stack(0x000000b2bcf00000,0x000000b2bd000000)]
  0x000001e2946c0860 JavaThread "Execution worker" [_thread_blocked, id=1228, stack(0x000000b2bd000000,0x000000b2bd100000)]
  0x000001e2946bf520 JavaThread "Execution worker Thread 2" [_thread_blocked, id=6488, stack(0x000000b2bd100000,0x000000b2bd200000)]
  0x000001e29971ca00 JavaThread "Execution worker Thread 3" [_thread_blocked, id=6588, stack(0x000000b2bd200000,0x000000b2bd300000)]
  0x000001e29971b6c0 JavaThread "Cache worker for execution history cache (D:\Android Projects\Project\.gradle\8.0\executionHistory)" [_thread_blocked, id=6168, stack(0x000000b2bd300000,0x000000b2bd400000)]
  0x000001e29971b1f0 JavaThread "WorkerExecutor Queue Thread 2" [_thread_blocked, id=216, stack(0x000000b2bd500000,0x000000b2bd600000)]
  0x000001e29971ced0 JavaThread "WorkerExecutor Queue Thread 3" [_thread_blocked, id=8028, stack(0x000000b2bd600000,0x000000b2bd700000)]
  0x000001e29971d870 JavaThread "WorkerExecutor Queue Thread 4" [_thread_blocked, id=5960, stack(0x000000b2bd700000,0x000000b2bd800000)]
  0x000001e2968bf7a0 JavaThread "C2 CompilerThread1" daemon [_thread_in_native, id=2504, stack(0x000000b2ba100000,0x000000b2ba200000)]
  0x000001e2946be6b0 JavaThread "pool-3-thread-1" [_thread_blocked, id=2756, stack(0x000000b2bd800000,0x000000b2bd900000)]
  0x000001e2946bfec0 JavaThread "WorkerExecutor Queue Thread 5" [_thread_blocked, id=4296, stack(0x000000b2bd900000,0x000000b2bda00000)]
  0x000001e29b7299e0 JavaThread "stderr" [_thread_in_native, id=3988, stack(0x000000b2bda00000,0x000000b2bdb00000)]
  0x000001e29b729510 JavaThread "stdout" [_thread_in_native, id=876, stack(0x000000b2bdb00000,0x000000b2bdc00000)]
  0x000001e29b72c060 JavaThread "ForkJoinPool-1-worker-1" daemon [_thread_blocked, id=6348, stack(0x000000b2bdc00000,0x000000b2bdd00000)]
  0x000001e29b72d870 JavaThread "ForkJoinPool-1-worker-2" daemon [_thread_blocked, id=3720, stack(0x000000b2bdd00000,0x000000b2bde00000)]
  0x000001e29b72e6e0 JavaThread "ForkJoinPool-1-worker-3" daemon [_thread_blocked, id=2992, stack(0x000000b2bde00000,0x000000b2bdf00000)]
  0x000001e29b72c530 JavaThread "ForkJoinPool-1-worker-4" daemon [_thread_blocked, id=6896, stack(0x000000b2bdf00000,0x000000b2be000000)]

Other Threads:
=>0x000001e2fe66ab30 VMThread "VM Thread" [stack: 0x000000b2b7800000,0x000000b2b7900000] [id=2680]
  0x000001e2ff198ca0 WatcherThread [stack: 0x000000b2b8400000,0x000000b2b8500000] [id=8420]
  0x000001e2f61056c0 GCTaskThread "GC Thread#0" [stack: 0x000000b2b7300000,0x000000b2b7400000] [id=5488]
  0x000001e2ff8ebf90 GCTaskThread "GC Thread#1" [stack: 0x000000b2b8600000,0x000000b2b8700000] [id=8448]
  0x000001e2ff8ec240 GCTaskThread "GC Thread#2" [stack: 0x000000b2b8700000,0x000000b2b8800000] [id=6800]
  0x000001e2913315d0 GCTaskThread "GC Thread#3" [stack: 0x000000b2b8800000,0x000000b2b8900000] [id=7868]
  0x000001e2f6116600 ConcurrentGCThread "G1 Main Marker" [stack: 0x000000b2b7400000,0x000000b2b7500000] [id=4920]
  0x000001e2f61187c0 ConcurrentGCThread "G1 Conc#0" [stack: 0x000000b2b7500000,0x000000b2b7600000] [id=820]
  0x000001e2f617e680 ConcurrentGCThread "G1 Refine#0" [stack: 0x000000b2b7600000,0x000000b2b7700000] [id=4700]
  0x000001e2932d1b20 ConcurrentGCThread "G1 Refine#1" [stack: 0x000000b2ba000000,0x000000b2ba100000] [id=8104]
  0x000001e298c8c630 ConcurrentGCThread "G1 Refine#2" [stack: 0x000000b2be000000,0x000000b2be100000] [id=7944]
  0x000001e2fe4c01f0 ConcurrentGCThread "G1 Service" [stack: 0x000000b2b7700000,0x000000b2b7800000] [id=404]

Threads with active compile tasks:
C2 CompilerThread0    28594 13625 %     4       com.android.tools.r8.dex.B::a @ 316 (1030 bytes)
C2 CompilerThread1    28595 13684       4       com.android.tools.r8.dex.B::a (829 bytes)

VM state: at safepoint (normal execution)

VM Mutex/Monitor currently owned by a thread:  ([mutex/lock_event])
[0x000001e2f60a40b0] Threads_lock - owner thread: 0x000001e2fe66ab30
[0x000001e2f60a4e30] Heap_lock - owner thread: 0x000001e29b72d870

Heap address: 0x0000000080000000, size: 2048 MB, Compressed Oops mode: 32-bit

CDS archive(s) not mapped
Compressed class space mapped at: 0x0000000100000000-0x0000000140000000, reserved size: 1073741824
Narrow klass base: 0x0000000000000000, Narrow klass shift: 3, Narrow klass range: 0x140000000

GC Precious Log:
 CPUs: 4 total, 4 available
 Memory: 8095M
 Large Page Support: Disabled
 NUMA Support: Disabled
 Compressed Oops: Enabled (32-bit)
 Heap Region Size: 1M
 Heap Min Capacity: 8M
 Heap Initial Capacity: 128M
 Heap Max Capacity: 2G
 Pre-touch: Disabled
 Parallel Workers: 4
 Concurrent Workers: 1
 Concurrent Refinement Workers: 4
 Periodic GC: Disabled

Heap:
 garbage-first heap   total 304128K, used 182784K [0x0000000080000000, 0x0000000100000000)
  region size 1024K, 2 young (2048K), 2 survivors (2048K)
 Metaspace       used 104614K, committed 105344K, reserved 1146880K
  class space    used 14230K, committed 14592K, reserved 1048576K

Heap Regions: E=young(eden), S=young(survivor), O=old, HS=humongous(starts), HC=humongous(continues), CS=collection set, F=free, OA=open archive, CA=closed archive, TAMS=top-at-mark-start (previous, next)
|   0|0x0000000080000000, 0x0000000080100000, 0x0000000080100000|100%| O|  |TAMS 0x0000000080100000, 0x0000000080000000| Untracked 
|   1|0x0000000080100000, 0x0000000080200000, 0x0000000080200000|100%| O|  |TAMS 0x0000000080200000, 0x0000000080100000| Untracked 
|   2|0x0000000080200000, 0x0000000080300000, 0x0000000080300000|100%|HS|  |TAMS 0x0000000080300000, 0x0000000080200000| Complete 
|   3|0x0000000080300000, 0x0000000080400000, 0x0000000080400000|100%|HC|  |TAMS 0x0000000080400000, 0x0000000080300000| Complete 
|   4|0x0000000080400000, 0x0000000080500000, 0x0000000080500000|100%|HC|  |TAMS 0x0000000080500000, 0x0000000080400000| Complete 
|   5|0x0000000080500000, 0x0000000080600000, 0x0000000080600000|100%|HC|  |TAMS 0x0000000080600000, 0x0000000080500000| Complete 
|   6|0x0000000080600000, 0x0000000080700000, 0x0000000080700000|100%| O|  |TAMS 0x0000000080700000, 0x0000000080600000| Untracked 
|   7|0x0000000080700000, 0x0000000080800000, 0x0000000080800000|100%| O|  |TAMS 0x0000000080800000, 0x0000000080700000| Untracked 
|   8|0x0000000080800000, 0x0000000080900000, 0x0000000080900000|100%| O|  |TAMS 0x0000000080900000, 0x0000000080800000| Untracked 
|   9|0x0000000080900000, 0x0000000080a00000, 0x0000000080a00000|100%| O|  |TAMS 0x0000000080a00000, 0x0000000080900000| Untracked 
|  10|0x0000000080a00000, 0x0000000080b00000, 0x0000000080b00000|100%| O|  |TAMS 0x0000000080b00000, 0x0000000080a00000| Untracked 
|  11|0x0000000080b00000, 0x0000000080c00000, 0x0000000080c00000|100%| O|  |TAMS 0x0000000080c00000, 0x0000000080b00000| Untracked 
|  12|0x0000000080c00000, 0x0000000080d00000, 0x0000000080d00000|100%| O|  |TAMS 0x0000000080d00000, 0x0000000080c00000| Untracked 
|  13|0x0000000080d00000, 0x0000000080e00000, 0x0000000080e00000|100%| O|  |TAMS 0x0000000080e00000, 0x0000000080d00000| Untracked 
|  14|0x0000000080e00000, 0x0000000080f00000, 0x0000000080f00000|100%| O|  |TAMS 0x0000000080f00000, 0x0000000080e00000| Untracked 
|  15|0x0000000080f00000, 0x0000000081000000, 0x0000000081000000|100%| O|  |TAMS 0x0000000081000000, 0x0000000080f00000| Untracked 
|  16|0x0000000081000000, 0x0000000081100000, 0x0000000081100000|100%| O|  |TAMS 0x0000000081100000, 0x0000000081000000| Untracked 
|  17|0x0000000081100000, 0x0000000081200000, 0x0000000081200000|100%| O|  |TAMS 0x0000000081200000, 0x0000000081100000| Untracked 
|  18|0x0000000081200000, 0x0000000081300000, 0x0000000081300000|100%| O|  |TAMS 0x0000000081300000, 0x0000000081200000| Untracked 
|  19|0x0000000081300000, 0x0000000081400000, 0x0000000081400000|100%| O|  |TAMS 0x0000000081400000, 0x0000000081300000| Untracked 
|  20|0x0000000081400000, 0x0000000081500000, 0x0000000081500000|100%| O|  |TAMS 0x0000000081500000, 0x0000000081400000| Untracked 
|  21|0x0000000081500000, 0x0000000081600000, 0x0000000081600000|100%| O|  |TAMS 0x0000000081600000, 0x0000000081500000| Untracked 
|  22|0x0000000081600000, 0x0000000081700000, 0x0000000081700000|100%| O|  |TAMS 0x0000000081700000, 0x0000000081600000| Untracked 
|  23|0x0000000081700000, 0x0000000081800000, 0x0000000081800000|100%| O|  |TAMS 0x0000000081800000, 0x0000000081700000| Untracked 
|  24|0x0000000081800000, 0x0000000081900000, 0x0000000081900000|100%|HS|  |TAMS 0x0000000081900000, 0x0000000081800000| Complete 
|  25|0x0000000081900000, 0x0000000081a00000, 0x0000000081a00000|100%| O|  |TAMS 0x0000000081a00000, 0x0000000081900000| Untracked 
|  26|0x0000000081a00000, 0x0000000081b00000, 0x0000000081b00000|100%| O|  |TAMS 0x0000000081b00000, 0x0000000081a00000| Untracked 
|  27|0x0000000081b00000, 0x0000000081c00000, 0x0000000081c00000|100%| O|  |TAMS 0x0000000081c00000, 0x0000000081b00000| Untracked 
|  28|0x0000000081c00000, 0x0000000081d00000, 0x0000000081d00000|100%| O|  |TAMS 0x0000000081d00000, 0x0000000081c00000| Untracked 
|  29|0x0000000081d00000, 0x0000000081e00000, 0x0000000081e00000|100%| O|  |TAMS 0x0000000081e00000, 0x0000000081d00000| Untracked 
|  30|0x0000000081e00000, 0x0000000081f00000, 0x0000000081f00000|100%| O|  |TAMS 0x0000000081f00000, 0x0000000081e00000| Untracked 
|  31|0x0000000081f00000, 0x0000000082000000, 0x0000000082000000|100%| O|  |TAMS 0x0000000082000000, 0x0000000081f00000| Untracked 
|  32|0x0000000082000000, 0x0000000082100000, 0x0000000082100000|100%| O|  |TAMS 0x0000000082100000, 0x0000000082000000| Untracked 
|  33|0x0000000082100000, 0x0000000082200000, 0x0000000082200000|100%| O|  |TAMS 0x0000000082200000, 0x0000000082100000| Untracked 
|  34|0x0000000082200000, 0x0000000082300000, 0x0000000082300000|100%|HS|  |TAMS 0x0000000082300000, 0x0000000082200000| Complete 
|  35|0x0000000082300000, 0x0000000082400000, 0x0000000082400000|100%| O|  |TAMS 0x0000000082400000, 0x0000000082300000| Untracked 
|  36|0x0000000082400000, 0x0000000082500000, 0x0000000082500000|100%| O|  |TAMS 0x0000000082500000, 0x0000000082400000| Untracked 
|  37|0x0000000082500000, 0x0000000082600000, 0x0000000082600000|100%| O|  |TAMS 0x0000000082600000, 0x0000000082500000| Untracked 
|  38|0x0000000082600000, 0x0000000082700000, 0x0000000082700000|100%| O|  |TAMS 0x0000000082700000, 0x0000000082600000| Untracked 
|  39|0x0000000082700000, 0x0000000082800000, 0x0000000082800000|100%| O|  |TAMS 0x0000000082800000, 0x0000000082700000| Untracked 
|  40|0x0000000082800000, 0x0000000082900000, 0x0000000082900000|100%| O|  |TAMS 0x0000000082900000, 0x0000000082800000| Untracked 
|  41|0x0000000082900000, 0x0000000082a00000, 0x0000000082a00000|100%| O|  |TAMS 0x0000000082a00000, 0x0000000082900000| Untracked 
|  42|0x0000000082a00000, 0x0000000082b00000, 0x0000000082b00000|100%| O|  |TAMS 0x0000000082b00000, 0x0000000082a00000| Untracked 
|  43|0x0000000082b00000, 0x0000000082c00000, 0x0000000082c00000|100%| O|  |TAMS 0x0000000082c00000, 0x0000000082b00000| Untracked 
|  44|0x0000000082c00000, 0x0000000082d00000, 0x0000000082d00000|100%| O|  |TAMS 0x0000000082d00000, 0x0000000082c00000| Untracked 
|  45|0x0000000082d00000, 0x0000000082e00000, 0x0000000082e00000|100%| O|  |TAMS 0x0000000082e00000, 0x0000000082d00000| Untracked 
|  46|0x0000000082e00000, 0x0000000082f00000, 0x0000000082f00000|100%| O|  |TAMS 0x0000000082f00000, 0x0000000082e00000| Untracked 
|  47|0x0000000082f00000, 0x0000000083000000, 0x0000000083000000|100%| O|  |TAMS 0x0000000083000000, 0x0000000082f00000| Untracked 
|  48|0x0000000083000000, 0x0000000083100000, 0x0000000083100000|100%| O|  |TAMS 0x0000000083100000, 0x0000000083000000| Untracked 
|  49|0x0000000083100000, 0x0000000083200000, 0x0000000083200000|100%| O|  |TAMS 0x0000000083200000, 0x0000000083100000| Untracked 
|  50|0x0000000083200000, 0x0000000083300000, 0x0000000083300000|100%| O|  |TAMS 0x0000000083300000, 0x0000000083200000| Untracked 
|  51|0x0000000083300000, 0x0000000083400000, 0x0000000083400000|100%| O|  |TAMS 0x0000000083400000, 0x0000000083300000| Untracked 
|  52|0x0000000083400000, 0x0000000083500000, 0x0000000083500000|100%| O|  |TAMS 0x0000000083500000, 0x0000000083400000| Untracked 
|  53|0x0000000083500000, 0x0000000083600000, 0x0000000083600000|100%| O|  |TAMS 0x0000000083600000, 0x0000000083500000| Untracked 
|  54|0x0000000083600000, 0x0000000083700000, 0x0000000083700000|100%| O|  |TAMS 0x0000000083700000, 0x0000000083600000| Untracked 
|  55|0x0000000083700000, 0x0000000083800000, 0x0000000083800000|100%| O|  |TAMS 0x0000000083800000, 0x0000000083700000| Untracked 
|  56|0x0000000083800000, 0x0000000083900000, 0x0000000083900000|100%| O|  |TAMS 0x0000000083900000, 0x0000000083800000| Untracked 
|  57|0x0000000083900000, 0x0000000083a00000, 0x0000000083a00000|100%| O|  |TAMS 0x0000000083a00000, 0x0000000083900000| Untracked 
|  58|0x0000000083a00000, 0x0000000083b00000, 0x0000000083b00000|100%| O|  |TAMS 0x0000000083b00000, 0x0000000083a00000| Untracked 
|  59|0x0000000083b00000, 0x0000000083c00000, 0x0000000083c00000|100%| O|  |TAMS 0x0000000083c00000, 0x0000000083b00000| Untracked 
|  60|0x0000000083c00000, 0x0000000083d00000, 0x0000000083d00000|100%| O|  |TAMS 0x0000000083d00000, 0x0000000083c00000| Untracked 
|  61|0x0000000083d00000, 0x0000000083e00000, 0x0000000083e00000|100%| O|  |TAMS 0x0000000083e00000, 0x0000000083d00000| Untracked 
|  62|0x0000000083e00000, 0x0000000083f00000, 0x0000000083f00000|100%|HS|  |TAMS 0x0000000083f00000, 0x0000000083e00000| Complete 
|  63|0x0000000083f00000, 0x0000000084000000, 0x0000000084000000|100%| O|  |TAMS 0x0000000084000000, 0x0000000083f00000| Untracked 
|  64|0x0000000084000000, 0x0000000084100000, 0x0000000084100000|100%| O|  |TAMS 0x0000000084100000, 0x0000000084000000| Untracked 
|  65|0x0000000084100000, 0x0000000084200000, 0x0000000084200000|100%| O|  |TAMS 0x0000000084200000, 0x0000000084100000| Untracked 
|  66|0x0000000084200000, 0x0000000084300000, 0x0000000084300000|100%| O|  |TAMS 0x0000000084300000, 0x0000000084200000| Untracked 
|  67|0x0000000084300000, 0x0000000084400000, 0x0000000084400000|100%| O|  |TAMS 0x0000000084400000, 0x0000000084300000| Untracked 
|  68|0x0000000084400000, 0x0000000084500000, 0x0000000084500000|100%| O|  |TAMS 0x0000000084500000, 0x0000000084400000| Untracked 
|  69|0x0000000084500000, 0x0000000084600000, 0x0000000084600000|100%| O|  |TAMS 0x0000000084600000, 0x0000000084500000| Untracked 
|  70|0x0000000084600000, 0x0000000084700000, 0x0000000084700000|100%| O|  |TAMS 0x0000000084700000, 0x0000000084600000| Untracked 
|  71|0x0000000084700000, 0x0000000084800000, 0x0000000084800000|100%| O|  |TAMS 0x0000000084800000, 0x0000000084700000| Untracked 
|  72|0x0000000084800000, 0x0000000084900000, 0x0000000084900000|100%| O|  |TAMS 0x0000000084900000, 0x0000000084800000| Untracked 
|  73|0x0000000084900000, 0x0000000084a00000, 0x0000000084a00000|100%| O|  |TAMS 0x0000000084a00000, 0x0000000084900000| Untracked 
|  74|0x0000000084a00000, 0x0000000084b00000, 0x0000000084b00000|100%| O|  |TAMS 0x0000000084b00000, 0x0000000084a00000| Untracked 
|  75|0x0000000084b00000, 0x0000000084c00000, 0x0000000084c00000|100%| O|  |TAMS 0x0000000084c00000, 0x0000000084b00000| Untracked 
|  76|0x0000000084c00000, 0x0000000084d00000, 0x0000000084d00000|100%| O|  |TAMS 0x0000000084d00000, 0x0000000084c00000| Untracked 
|  77|0x0000000084d00000, 0x0000000084d00000, 0x0000000084e00000|  0%| F|  |TAMS 0x0000000084d00000, 0x0000000084d00000| Untracked 
|  78|0x0000000084e00000, 0x0000000084f00000, 0x0000000084f00000|100%| O|  |TAMS 0x0000000084f00000, 0x0000000084e00000| Untracked 
|  79|0x0000000084f00000, 0x0000000085000000, 0x0000000085000000|100%| O|  |TAMS 0x0000000085000000, 0x0000000084f00000| Untracked 
|  80|0x0000000085000000, 0x0000000085100000, 0x0000000085100000|100%| O|  |TAMS 0x0000000085100000, 0x0000000085000000| Untracked 
|  81|0x0000000085100000, 0x0000000085200000, 0x0000000085200000|100%| O|  |TAMS 0x0000000085200000, 0x0000000085100000| Untracked 
|  82|0x0000000085200000, 0x0000000085300000, 0x0000000085300000|100%| O|  |TAMS 0x0000000085300000, 0x0000000085200000| Untracked 
|  83|0x0000000085300000, 0x0000000085400000, 0x0000000085400000|100%| O|  |TAMS 0x0000000085400000, 0x0000000085300000| Untracked 
|  84|0x0000000085400000, 0x0000000085500000, 0x0000000085500000|100%|HS|  |TAMS 0x0000000085500000, 0x0000000085400000| Complete 
|  85|0x0000000085500000, 0x0000000085500000, 0x0000000085600000|  0%| F|  |TAMS 0x0000000085500000, 0x0000000085500000| Untracked 
|  86|0x0000000085600000, 0x0000000085700000, 0x0000000085700000|100%|HS|  |TAMS 0x0000000085700000, 0x0000000085600000| Complete 
|  87|0x0000000085700000, 0x0000000085800000, 0x0000000085800000|100%|HC|  |TAMS 0x0000000085800000, 0x0000000085700000| Complete 
|  88|0x0000000085800000, 0x0000000085800000, 0x0000000085900000|  0%| F|  |TAMS 0x0000000085800000, 0x0000000085800000| Untracked 
|  89|0x0000000085900000, 0x0000000085a00000, 0x0000000085a00000|100%| O|  |TAMS 0x0000000085900000, 0x0000000085900000| Untracked 
|  90|0x0000000085a00000, 0x0000000085b00000, 0x0000000085b00000|100%| O|  |TAMS 0x0000000085b00000, 0x0000000085a00000| Untracked 
|  91|0x0000000085b00000, 0x0000000085c00000, 0x0000000085c00000|100%|HS|  |TAMS 0x0000000085c00000, 0x0000000085b00000| Complete 
|  92|0x0000000085c00000, 0x0000000085d00000, 0x0000000085d00000|100%| O|  |TAMS 0x0000000085c00000, 0x0000000085c00000| Untracked 
|  93|0x0000000085d00000, 0x0000000085e00000, 0x0000000085e00000|100%| O|  |TAMS 0x0000000085e00000, 0x0000000085d00000| Untracked 
|  94|0x0000000085e00000, 0x0000000085f00000, 0x0000000085f00000|100%| O|  |TAMS 0x0000000085f00000, 0x0000000085e00000| Untracked 
|  95|0x0000000085f00000, 0x0000000086000000, 0x0000000086000000|100%| O|  |TAMS 0x0000000086000000, 0x0000000085f00000| Untracked 
|  96|0x0000000086000000, 0x0000000086100000, 0x0000000086100000|100%|HS|  |TAMS 0x0000000086100000, 0x0000000086000000| Complete 
|  97|0x0000000086100000, 0x0000000086200000, 0x0000000086200000|100%|HC|  |TAMS 0x0000000086200000, 0x0000000086100000| Complete 
|  98|0x0000000086200000, 0x0000000086300000, 0x0000000086300000|100%|HS|  |TAMS 0x0000000086300000, 0x0000000086200000| Complete 
|  99|0x0000000086300000, 0x0000000086400000, 0x0000000086400000|100%|HS|  |TAMS 0x0000000086400000, 0x0000000086300000| Complete 
| 100|0x0000000086400000, 0x0000000086500000, 0x0000000086500000|100%|HC|  |TAMS 0x0000000086500000, 0x0000000086400000| Complete 
| 101|0x0000000086500000, 0x0000000086600000, 0x0000000086600000|100%| O|  |TAMS 0x0000000086600000, 0x0000000086500000| Untracked 
| 102|0x0000000086600000, 0x0000000086700000, 0x0000000086700000|100%| O|  |TAMS 0x0000000086700000, 0x0000000086600000| Untracked 
| 103|0x0000000086700000, 0x0000000086800000, 0x0000000086800000|100%| O|  |TAMS 0x0000000086800000, 0x0000000086700000| Untracked 
| 104|0x0000000086800000, 0x0000000086900000, 0x0000000086900000|100%| O|  |TAMS 0x0000000086900000, 0x0000000086800000| Untracked 
| 105|0x0000000086900000, 0x0000000086a00000, 0x0000000086a00000|100%| O|  |TAMS 0x0000000086a00000, 0x0000000086900000| Untracked 
| 106|0x0000000086a00000, 0x0000000086b00000, 0x0000000086b00000|100%| O|  |TAMS 0x0000000086b00000, 0x0000000086a00000| Untracked 
| 107|0x0000000086b00000, 0x0000000086c00000, 0x0000000086c00000|100%| O|  |TAMS 0x0000000086c00000, 0x0000000086b00000| Untracked 
| 108|0x0000000086c00000, 0x0000000086d00000, 0x0000000086d00000|100%| O|  |TAMS 0x0000000086c00000, 0x0000000086c00000| Untracked 
| 109|0x0000000086d00000, 0x0000000086e00000, 0x0000000086e00000|100%| O|  |TAMS 0x0000000086d00000, 0x0000000086d00000| Untracked 
| 110|0x0000000086e00000, 0x0000000086f00000, 0x0000000086f00000|100%| O|  |TAMS 0x0000000086e00000, 0x0000000086e00000| Untracked 
| 111|0x0000000086f00000, 0x0000000087000000, 0x0000000087000000|100%| O|  |TAMS 0x0000000086f00000, 0x0000000086f00000| Untracked 
| 112|0x0000000087000000, 0x0000000087100000, 0x0000000087100000|100%| O|  |TAMS 0x0000000087000000, 0x0000000087000000| Untracked 
| 113|0x0000000087100000, 0x0000000087200000, 0x0000000087200000|100%|HS|  |TAMS 0x0000000087200000, 0x0000000087100000| Complete 
| 114|0x0000000087200000, 0x0000000087300000, 0x0000000087300000|100%|HC|  |TAMS 0x0000000087300000, 0x0000000087200000| Complete 
| 115|0x0000000087300000, 0x0000000087400000, 0x0000000087400000|100%|HS|  |TAMS 0x0000000087400000, 0x0000000087300000| Complete 
| 116|0x0000000087400000, 0x0000000087500000, 0x0000000087500000|100%|HC|  |TAMS 0x0000000087500000, 0x0000000087400000| Complete 
| 117|0x0000000087500000, 0x0000000087600000, 0x0000000087600000|100%|HC|  |TAMS 0x0000000087600000, 0x0000000087500000| Complete 
| 118|0x0000000087600000, 0x0000000087700000, 0x0000000087700000|100%| O|  |TAMS 0x0000000087700000, 0x0000000087600000| Untracked 
| 119|0x0000000087700000, 0x0000000087800000, 0x0000000087800000|100%| O|  |TAMS 0x0000000087800000, 0x0000000087700000| Untracked 
| 120|0x0000000087800000, 0x0000000087900000, 0x0000000087900000|100%|HS|  |TAMS 0x0000000087900000, 0x0000000087800000| Complete 
| 121|0x0000000087900000, 0x0000000087a00000, 0x0000000087a00000|100%|HC|  |TAMS 0x0000000087a00000, 0x0000000087900000| Complete 
| 122|0x0000000087a00000, 0x0000000087b00000, 0x0000000087b00000|100%| O|  |TAMS 0x0000000087b00000, 0x0000000087a00000| Untracked 
| 123|0x0000000087b00000, 0x0000000087c00000, 0x0000000087c00000|100%| O|  |TAMS 0x0000000087c00000, 0x0000000087b00000| Untracked 
| 124|0x0000000087c00000, 0x0000000087d00000, 0x0000000087d00000|100%| O|  |TAMS 0x0000000087c00000, 0x0000000087c00000| Untracked 
| 125|0x0000000087d00000, 0x0000000087e00000, 0x0000000087e00000|100%|HS|  |TAMS 0x0000000087e00000, 0x0000000087d00000| Complete 
| 126|0x0000000087e00000, 0x0000000087f00000, 0x0000000087f00000|100%|HC|  |TAMS 0x0000000087f00000, 0x0000000087e00000| Complete 
| 127|0x0000000087f00000, 0x0000000088000000, 0x0000000088000000|100%| O|  |TAMS 0x0000000087f00000, 0x0000000087f00000| Untracked 
| 128|0x0000000088000000, 0x0000000088100000, 0x0000000088100000|100%| O|  |TAMS 0x0000000088000000, 0x0000000088000000| Untracked 
| 129|0x0000000088100000, 0x0000000088200000, 0x0000000088200000|100%| O|  |TAMS 0x0000000088100000, 0x0000000088100000| Untracked 
| 130|0x0000000088200000, 0x0000000088300000, 0x0000000088300000|100%| O|  |TAMS 0x0000000088200000, 0x0000000088200000| Untracked 
| 131|0x0000000088300000, 0x0000000088400000, 0x0000000088400000|100%| O|  |TAMS 0x0000000088300000, 0x0000000088300000| Untracked 
| 132|0x0000000088400000, 0x0000000088500000, 0x0000000088500000|100%| O|  |TAMS 0x0000000088400000, 0x0000000088400000| Untracked 
| 133|0x0000000088500000, 0x0000000088600000, 0x0000000088600000|100%|HS|  |TAMS 0x0000000088600000, 0x0000000088500000| Complete 
| 134|0x0000000088600000, 0x0000000088700000, 0x0000000088700000|100%|HC|  |TAMS 0x0000000088700000, 0x0000000088600000| Complete 
| 135|0x0000000088700000, 0x0000000088800000, 0x0000000088800000|100%|HC|  |TAMS 0x0000000088800000, 0x0000000088700000| Complete 
| 136|0x0000000088800000, 0x0000000088900000, 0x0000000088900000|100%|HS|  |TAMS 0x0000000088900000, 0x0000000088800000| Complete 
| 137|0x0000000088900000, 0x0000000088a00000, 0x0000000088a00000|100%|HS|  |TAMS 0x0000000088a00000, 0x0000000088900000| Complete 
| 138|0x0000000088a00000, 0x0000000088b00000, 0x0000000088b00000|100%| O|  |TAMS 0x0000000088b00000, 0x0000000088a00000| Untracked 
| 139|0x0000000088b00000, 0x0000000088c00000, 0x0000000088c00000|100%| O|  |TAMS 0x0000000088c00000, 0x0000000088b00000| Untracked 
| 140|0x0000000088c00000, 0x0000000088d00000, 0x0000000088d00000|100%| O|  |TAMS 0x0000000088d00000, 0x0000000088c00000| Untracked 
| 141|0x0000000088d00000, 0x0000000088e00000, 0x0000000088e00000|100%| O|  |TAMS 0x0000000088e00000, 0x0000000088d00000| Untracked 
| 142|0x0000000088e00000, 0x0000000088f00000, 0x0000000088f00000|100%| O|  |TAMS 0x0000000088f00000, 0x0000000088e00000| Untracked 
| 143|0x0000000088f00000, 0x0000000089000000, 0x0000000089000000|100%| O|  |TAMS 0x0000000089000000, 0x0000000088f00000| Untracked 
| 144|0x0000000089000000, 0x0000000089100000, 0x0000000089100000|100%| O|  |TAMS 0x0000000089100000, 0x0000000089000000| Untracked 
| 145|0x0000000089100000, 0x0000000089200000, 0x0000000089200000|100%| O|  |TAMS 0x0000000089200000, 0x0000000089100000| Untracked 
| 146|0x0000000089200000, 0x0000000089300000, 0x0000000089300000|100%| O|  |TAMS 0x0000000089300000, 0x0000000089200000| Untracked 
| 147|0x0000000089300000, 0x0000000089400000, 0x0000000089400000|100%| O|  |TAMS 0x0000000089400000, 0x0000000089300000| Untracked 
| 148|0x0000000089400000, 0x0000000089500000, 0x0000000089500000|100%| O|  |TAMS 0x0000000089500000, 0x0000000089400000| Untracked 
| 149|0x0000000089500000, 0x0000000089600000, 0x0000000089600000|100%| O|  |TAMS 0x0000000089600000, 0x0000000089500000| Untracked 
| 150|0x0000000089600000, 0x0000000089700000, 0x0000000089700000|100%| O|  |TAMS 0x0000000089700000, 0x0000000089600000| Untracked 
| 151|0x0000000089700000, 0x0000000089800000, 0x0000000089800000|100%| O|  |TAMS 0x0000000089700000, 0x0000000089700000| Untracked 
| 152|0x0000000089800000, 0x0000000089900000, 0x0000000089900000|100%| O|  |TAMS 0x0000000089800000, 0x0000000089800000| Untracked 
| 153|0x0000000089900000, 0x0000000089a00000, 0x0000000089a00000|100%| O|  |TAMS 0x0000000089900000, 0x0000000089900000| Untracked 
| 154|0x0000000089a00000, 0x0000000089b00000, 0x0000000089b00000|100%| O|  |TAMS 0x0000000089a00000, 0x0000000089a00000| Untracked 
| 155|0x0000000089b00000, 0x0000000089c00000, 0x0000000089c00000|100%| O|  |TAMS 0x0000000089b00000, 0x0000000089b00000| Untracked 
| 156|0x0000000089c00000, 0x0000000089d00000, 0x0000000089d00000|100%| O|  |TAMS 0x0000000089c00000, 0x0000000089c00000| Untracked 
| 157|0x0000000089d00000, 0x0000000089e00000, 0x0000000089e00000|100%| O|  |TAMS 0x0000000089d00000, 0x0000000089d00000| Untracked 
| 158|0x0000000089e00000, 0x0000000089f00000, 0x0000000089f00000|100%| O|  |TAMS 0x0000000089e00000, 0x0000000089e00000| Untracked 
| 159|0x0000000089f00000, 0x000000008a000000, 0x000000008a000000|100%| O|  |TAMS 0x0000000089f00000, 0x0000000089f00000| Untracked 
| 160|0x000000008a000000, 0x000000008a100000, 0x000000008a100000|100%| O|  |TAMS 0x000000008a000000, 0x000000008a000000| Untracked 
| 161|0x000000008a100000, 0x000000008a200000, 0x000000008a200000|100%| O|  |TAMS 0x000000008a100000, 0x000000008a100000| Untracked 
| 162|0x000000008a200000, 0x000000008a300000, 0x000000008a300000|100%| O|  |TAMS 0x000000008a200000, 0x000000008a200000| Untracked 
| 163|0x000000008a300000, 0x000000008a400000, 0x000000008a400000|100%| O|  |TAMS 0x000000008a300000, 0x000000008a300000| Untracked 
| 164|0x000000008a400000, 0x000000008a500000, 0x000000008a500000|100%| O|  |TAMS 0x000000008a400000, 0x000000008a400000| Untracked 
| 165|0x000000008a500000, 0x000000008a600000, 0x000000008a600000|100%| O|  |TAMS 0x000000008a500000, 0x000000008a500000| Untracked 
| 166|0x000000008a600000, 0x000000008a700000, 0x000000008a700000|100%| O|  |TAMS 0x000000008a600000, 0x000000008a600000| Untracked 
| 167|0x000000008a700000, 0x000000008a800000, 0x000000008a800000|100%| O|  |TAMS 0x000000008a700000, 0x000000008a700000| Untracked 
| 168|0x000000008a800000, 0x000000008a900000, 0x000000008a900000|100%| O|  |TAMS 0x000000008a800000, 0x000000008a800000| Untracked 
| 169|0x000000008a900000, 0x000000008aa00000, 0x000000008aa00000|100%| O|  |TAMS 0x000000008a900000, 0x000000008a900000| Untracked 
| 170|0x000000008aa00000, 0x000000008ab00000, 0x000000008ab00000|100%| O|  |TAMS 0x000000008aa00000, 0x000000008aa00000| Untracked 
| 171|0x000000008ab00000, 0x000000008ac00000, 0x000000008ac00000|100%| O|  |TAMS 0x000000008ab00000, 0x000000008ab00000| Untracked 
| 172|0x000000008ac00000, 0x000000008ad00000, 0x000000008ad00000|100%| O|  |TAMS 0x000000008ac00000, 0x000000008ac00000| Untracked 
| 173|0x000000008ad00000, 0x000000008ae00000, 0x000000008ae00000|100%| O|  |TAMS 0x000000008ad00000, 0x000000008ad00000| Untracked 
| 174|0x000000008ae00000, 0x000000008af00000, 0x000000008af00000|100%| O|  |TAMS 0x000000008ae00000, 0x000000008ae00000| Untracked 
| 175|0x000000008af00000, 0x000000008af80000, 0x000000008b000000| 50%| O|  |TAMS 0x000000008af00000, 0x000000008af00000| Untracked 
| 176|0x000000008b000000, 0x000000008b000000, 0x000000008b100000|  0%| F|  |TAMS 0x000000008b000000, 0x000000008b000000| Untracked 
| 177|0x000000008b100000, 0x000000008b100000, 0x000000008b200000|  0%| F|  |TAMS 0x000000008b100000, 0x000000008b100000| Untracked 
| 178|0x000000008b200000, 0x000000008b200000, 0x000000008b300000|  0%| F|  |TAMS 0x000000008b200000, 0x000000008b200000| Untracked 
| 179|0x000000008b300000, 0x000000008b300000, 0x000000008b400000|  0%| F|  |TAMS 0x000000008b300000, 0x000000008b300000| Untracked 
| 180|0x000000008b400000, 0x000000008b400000, 0x000000008b500000|  0%| F|  |TAMS 0x000000008b400000, 0x000000008b400000| Untracked 
| 181|0x000000008b500000, 0x000000008b500000, 0x000000008b600000|  0%| F|  |TAMS 0x000000008b500000, 0x000000008b500000| Untracked 
| 182|0x000000008b600000, 0x000000008b600000, 0x000000008b700000|  0%| F|  |TAMS 0x000000008b600000, 0x000000008b600000| Untracked 
| 183|0x000000008b700000, 0x000000008b700000, 0x000000008b800000|  0%| F|  |TAMS 0x000000008b700000, 0x000000008b700000| Untracked 
| 184|0x000000008b800000, 0x000000008b800000, 0x000000008b900000|  0%| F|  |TAMS 0x000000008b800000, 0x000000008b800000| Untracked 
| 185|0x000000008b900000, 0x000000008b900000, 0x000000008ba00000|  0%| F|  |TAMS 0x000000008b900000, 0x000000008b900000| Untracked 
| 186|0x000000008ba00000, 0x000000008ba00000, 0x000000008bb00000|  0%| F|  |TAMS 0x000000008ba00000, 0x000000008ba00000| Untracked 
| 187|0x000000008bb00000, 0x000000008bb00000, 0x000000008bc00000|  0%| F|  |TAMS 0x000000008bb00000, 0x000000008bb00000| Untracked 
| 188|0x000000008bc00000, 0x000000008bc00000, 0x000000008bd00000|  0%| F|  |TAMS 0x000000008bc00000, 0x000000008bc00000| Untracked 
| 189|0x000000008bd00000, 0x000000008bd00000, 0x000000008be00000|  0%| F|  |TAMS 0x000000008bd00000, 0x000000008bd00000| Untracked 
| 190|0x000000008be00000, 0x000000008be00000, 0x000000008bf00000|  0%| F|  |TAMS 0x000000008be00000, 0x000000008be00000| Untracked 
| 191|0x000000008bf00000, 0x000000008bf00000, 0x000000008c000000|  0%| F|  |TAMS 0x000000008bf00000, 0x000000008bf00000| Untracked 
| 192|0x000000008c000000, 0x000000008c000000, 0x000000008c100000|  0%| F|  |TAMS 0x000000008c000000, 0x000000008c000000| Untracked 
| 193|0x000000008c100000, 0x000000008c100000, 0x000000008c200000|  0%| F|  |TAMS 0x000000008c100000, 0x000000008c100000| Untracked 
| 194|0x000000008c200000, 0x000000008c200000, 0x000000008c300000|  0%| F|  |TAMS 0x000000008c200000, 0x000000008c200000| Untracked 
| 195|0x000000008c300000, 0x000000008c300000, 0x000000008c400000|  0%| F|  |TAMS 0x000000008c300000, 0x000000008c300000| Untracked 
| 196|0x000000008c400000, 0x000000008c400000, 0x000000008c500000|  0%| F|  |TAMS 0x000000008c400000, 0x000000008c400000| Untracked 
| 197|0x000000008c500000, 0x000000008c500000, 0x000000008c600000|  0%| F|  |TAMS 0x000000008c500000, 0x000000008c500000| Untracked 
| 198|0x000000008c600000, 0x000000008c600000, 0x000000008c700000|  0%| F|  |TAMS 0x000000008c600000, 0x000000008c600000| Untracked 
| 199|0x000000008c700000, 0x000000008c700000, 0x000000008c800000|  0%| F|  |TAMS 0x000000008c700000, 0x000000008c700000| Untracked 
| 200|0x000000008c800000, 0x000000008c800000, 0x000000008c900000|  0%| F|  |TAMS 0x000000008c800000, 0x000000008c800000| Untracked 
| 201|0x000000008c900000, 0x000000008c900000, 0x000000008ca00000|  0%| F|  |TAMS 0x000000008c900000, 0x000000008c900000| Untracked 
| 202|0x000000008ca00000, 0x000000008ca00000, 0x000000008cb00000|  0%| F|  |TAMS 0x000000008ca00000, 0x000000008ca00000| Untracked 
| 203|0x000000008cb00000, 0x000000008cb00000, 0x000000008cc00000|  0%| F|  |TAMS 0x000000008cb00000, 0x000000008cb00000| Untracked 
| 204|0x000000008cc00000, 0x000000008cc00000, 0x000000008cd00000|  0%| F|  |TAMS 0x000000008cc00000, 0x000000008cc00000| Untracked 
| 205|0x000000008cd00000, 0x000000008cd00000, 0x000000008ce00000|  0%| F|  |TAMS 0x000000008cd00000, 0x000000008cd00000| Untracked 
| 206|0x000000008ce00000, 0x000000008ce00000, 0x000000008cf00000|  0%| F|  |TAMS 0x000000008ce00000, 0x000000008ce00000| Untracked 
| 207|0x000000008cf00000, 0x000000008cf00000, 0x000000008d000000|  0%| F|  |TAMS 0x000000008cf00000, 0x000000008cf00000| Untracked 
| 208|0x000000008d000000, 0x000000008d000000, 0x000000008d100000|  0%| F|  |TAMS 0x000000008d000000, 0x000000008d000000| Untracked 
| 209|0x000000008d100000, 0x000000008d100000, 0x000000008d200000|  0%| F|  |TAMS 0x000000008d100000, 0x000000008d100000| Untracked 
| 210|0x000000008d200000, 0x000000008d200000, 0x000000008d300000|  0%| F|  |TAMS 0x000000008d200000, 0x000000008d200000| Untracked 
| 211|0x000000008d300000, 0x000000008d300000, 0x000000008d400000|  0%| F|  |TAMS 0x000000008d300000, 0x000000008d300000| Untracked 
| 212|0x000000008d400000, 0x000000008d400000, 0x000000008d500000|  0%| F|  |TAMS 0x000000008d400000, 0x000000008d400000| Untracked 
| 213|0x000000008d500000, 0x000000008d500000, 0x000000008d600000|  0%| F|  |TAMS 0x000000008d500000, 0x000000008d500000| Untracked 
| 214|0x000000008d600000, 0x000000008d600000, 0x000000008d700000|  0%| F|  |TAMS 0x000000008d600000, 0x000000008d600000| Untracked 
| 215|0x000000008d700000, 0x000000008d700000, 0x000000008d800000|  0%| F|  |TAMS 0x000000008d700000, 0x000000008d700000| Untracked 
| 216|0x000000008d800000, 0x000000008d800000, 0x000000008d900000|  0%| F|  |TAMS 0x000000008d800000, 0x000000008d800000| Untracked 
| 217|0x000000008d900000, 0x000000008d900000, 0x000000008da00000|  0%| F|  |TAMS 0x000000008d900000, 0x000000008d900000| Untracked 
| 218|0x000000008da00000, 0x000000008da00000, 0x000000008db00000|  0%| F|  |TAMS 0x000000008da00000, 0x000000008da00000| Untracked 
| 219|0x000000008db00000, 0x000000008db00000, 0x000000008dc00000|  0%| F|  |TAMS 0x000000008db00000, 0x000000008db00000| Untracked 
| 220|0x000000008dc00000, 0x000000008dc00000, 0x000000008dd00000|  0%| F|  |TAMS 0x000000008dc00000, 0x000000008dc00000| Untracked 
| 221|0x000000008dd00000, 0x000000008dd00000, 0x000000008de00000|  0%| F|  |TAMS 0x000000008dd00000, 0x000000008dd00000| Untracked 
| 222|0x000000008de00000, 0x000000008de00000, 0x000000008df00000|  0%| F|  |TAMS 0x000000008de00000, 0x000000008de00000| Untracked 
| 223|0x000000008df00000, 0x000000008df00000, 0x000000008e000000|  0%| F|  |TAMS 0x000000008df00000, 0x000000008df00000| Untracked 
| 224|0x000000008e000000, 0x000000008e000000, 0x000000008e100000|  0%| F|  |TAMS 0x000000008e000000, 0x000000008e000000| Untracked 
| 225|0x000000008e100000, 0x000000008e100000, 0x000000008e200000|  0%| F|  |TAMS 0x000000008e100000, 0x000000008e100000| Untracked 
| 226|0x000000008e200000, 0x000000008e200000, 0x000000008e300000|  0%| F|  |TAMS 0x000000008e200000, 0x000000008e200000| Untracked 
| 227|0x000000008e300000, 0x000000008e300000, 0x000000008e400000|  0%| F|  |TAMS 0x000000008e300000, 0x000000008e300000| Untracked 
| 228|0x000000008e400000, 0x000000008e400000, 0x000000008e500000|  0%| F|  |TAMS 0x000000008e400000, 0x000000008e400000| Untracked 
| 229|0x000000008e500000, 0x000000008e500000, 0x000000008e600000|  0%| F|  |TAMS 0x000000008e500000, 0x000000008e500000| Untracked 
| 230|0x000000008e600000, 0x000000008e600000, 0x000000008e700000|  0%| F|  |TAMS 0x000000008e600000, 0x000000008e600000| Untracked 
| 231|0x000000008e700000, 0x000000008e700000, 0x000000008e800000|  0%| F|  |TAMS 0x000000008e700000, 0x000000008e700000| Untracked 
| 232|0x000000008e800000, 0x000000008e800000, 0x000000008e900000|  0%| F|  |TAMS 0x000000008e800000, 0x000000008e800000| Untracked 
| 233|0x000000008e900000, 0x000000008e900000, 0x000000008ea00000|  0%| F|  |TAMS 0x000000008e900000, 0x000000008e900000| Untracked 
| 234|0x000000008ea00000, 0x000000008ea00000, 0x000000008eb00000|  0%| F|  |TAMS 0x000000008ea00000, 0x000000008ea00000| Untracked 
| 235|0x000000008eb00000, 0x000000008eb00000, 0x000000008ec00000|  0%| F|  |TAMS 0x000000008eb00000, 0x000000008eb00000| Untracked 
| 236|0x000000008ec00000, 0x000000008ec00000, 0x000000008ed00000|  0%| F|  |TAMS 0x000000008ec00000, 0x000000008ec00000| Untracked 
| 237|0x000000008ed00000, 0x000000008ed00000, 0x000000008ee00000|  0%| F|  |TAMS 0x000000008ed00000, 0x000000008ed00000| Untracked 
| 238|0x000000008ee00000, 0x000000008ee00000, 0x000000008ef00000|  0%| F|  |TAMS 0x000000008ee00000, 0x000000008ee00000| Untracked 
| 239|0x000000008ef00000, 0x000000008ef00000, 0x000000008f000000|  0%| F|  |TAMS 0x000000008ef00000, 0x000000008ef00000| Untracked 
| 240|0x000000008f000000, 0x000000008f000000, 0x000000008f100000|  0%| F|  |TAMS 0x000000008f000000, 0x000000008f000000| Untracked 
| 241|0x000000008f100000, 0x000000008f100000, 0x000000008f200000|  0%| F|  |TAMS 0x000000008f100000, 0x000000008f100000| Untracked 
| 242|0x000000008f200000, 0x000000008f200000, 0x000000008f300000|  0%| F|  |TAMS 0x000000008f200000, 0x000000008f200000| Untracked 
| 243|0x000000008f300000, 0x000000008f300000, 0x000000008f400000|  0%| F|  |TAMS 0x000000008f300000, 0x000000008f300000| Untracked 
| 244|0x000000008f400000, 0x000000008f400000, 0x000000008f500000|  0%| F|  |TAMS 0x000000008f400000, 0x000000008f400000| Untracked 
| 245|0x000000008f500000, 0x000000008f500000, 0x000000008f600000|  0%| F|  |TAMS 0x000000008f500000, 0x000000008f500000| Untracked 
| 246|0x000000008f600000, 0x000000008f600000, 0x000000008f700000|  0%| F|  |TAMS 0x000000008f600000, 0x000000008f600000| Untracked 
| 247|0x000000008f700000, 0x000000008f700000, 0x000000008f800000|  0%| F|  |TAMS 0x000000008f700000, 0x000000008f700000| Untracked 
| 248|0x000000008f800000, 0x000000008f800000, 0x000000008f900000|  0%| F|  |TAMS 0x000000008f800000, 0x000000008f800000| Untracked 
| 249|0x000000008f900000, 0x000000008f900000, 0x000000008fa00000|  0%| F|  |TAMS 0x000000008f900000, 0x000000008f900000| Untracked 
| 250|0x000000008fa00000, 0x000000008fa00000, 0x000000008fb00000|  0%| F|  |TAMS 0x000000008fa00000, 0x000000008fa00000| Untracked 
| 251|0x000000008fb00000, 0x000000008fb00000, 0x000000008fc00000|  0%| F|  |TAMS 0x000000008fb00000, 0x000000008fb00000| Untracked 
| 252|0x000000008fc00000, 0x000000008fc00000, 0x000000008fd00000|  0%| F|  |TAMS 0x000000008fc00000, 0x000000008fc00000| Untracked 
| 253|0x000000008fd00000, 0x000000008fd00000, 0x000000008fe00000|  0%| F|  |TAMS 0x000000008fd00000, 0x000000008fd00000| Untracked 
| 254|0x000000008fe00000, 0x000000008fe00000, 0x000000008ff00000|  0%| F|  |TAMS 0x000000008fe00000, 0x000000008fe00000| Untracked 
| 255|0x000000008ff00000, 0x000000008ff00000, 0x0000000090000000|  0%| F|  |TAMS 0x000000008ff00000, 0x000000008ff00000| Untracked 
| 256|0x0000000090000000, 0x0000000090000000, 0x0000000090100000|  0%| F|  |TAMS 0x0000000090000000, 0x0000000090000000| Untracked 
| 257|0x0000000090100000, 0x0000000090100000, 0x0000000090200000|  0%| F|  |TAMS 0x0000000090100000, 0x0000000090100000| Untracked 
| 258|0x0000000090200000, 0x0000000090200000, 0x0000000090300000|  0%| F|  |TAMS 0x0000000090200000, 0x0000000090200000| Untracked 
| 259|0x0000000090300000, 0x0000000090300000, 0x0000000090400000|  0%| F|  |TAMS 0x0000000090300000, 0x0000000090300000| Untracked 
| 260|0x0000000090400000, 0x0000000090400000, 0x0000000090500000|  0%| F|  |TAMS 0x0000000090400000, 0x0000000090400000| Untracked 
| 261|0x0000000090500000, 0x0000000090500000, 0x0000000090600000|  0%| F|  |TAMS 0x0000000090500000, 0x0000000090500000| Untracked 
| 262|0x0000000090600000, 0x0000000090600000, 0x0000000090700000|  0%| F|  |TAMS 0x0000000090600000, 0x0000000090600000| Untracked 
| 263|0x0000000090700000, 0x0000000090700000, 0x0000000090800000|  0%| F|  |TAMS 0x0000000090700000, 0x0000000090700000| Untracked 
| 264|0x0000000090800000, 0x0000000090800000, 0x0000000090900000|  0%| F|  |TAMS 0x0000000090800000, 0x0000000090800000| Untracked 
| 265|0x0000000090900000, 0x0000000090900000, 0x0000000090a00000|  0%| F|  |TAMS 0x0000000090900000, 0x0000000090900000| Untracked 
| 266|0x0000000090a00000, 0x0000000090a00000, 0x0000000090b00000|  0%| F|  |TAMS 0x0000000090a00000, 0x0000000090a00000| Untracked 
| 267|0x0000000090b00000, 0x0000000090b00000, 0x0000000090c00000|  0%| F|  |TAMS 0x0000000090b00000, 0x0000000090b00000| Untracked 
| 268|0x0000000090c00000, 0x0000000090c00000, 0x0000000090d00000|  0%| F|  |TAMS 0x0000000090c00000, 0x0000000090c00000| Untracked 
| 269|0x0000000090d00000, 0x0000000090d00000, 0x0000000090e00000|  0%| F|  |TAMS 0x0000000090d00000, 0x0000000090d00000| Untracked 
| 270|0x0000000090e00000, 0x0000000090e00000, 0x0000000090f00000|  0%| F|  |TAMS 0x0000000090e00000, 0x0000000090e00000| Untracked 
| 271|0x0000000090f00000, 0x0000000090f00000, 0x0000000091000000|  0%| F|  |TAMS 0x0000000090f00000, 0x0000000090f00000| Untracked 
| 272|0x0000000091000000, 0x0000000091000000, 0x0000000091100000|  0%| F|  |TAMS 0x0000000091000000, 0x0000000091000000| Untracked 
| 273|0x0000000091100000, 0x0000000091100000, 0x0000000091200000|  0%| F|  |TAMS 0x0000000091100000, 0x0000000091100000| Untracked 
| 274|0x0000000091200000, 0x0000000091200000, 0x0000000091300000|  0%| F|  |TAMS 0x0000000091200000, 0x0000000091200000| Untracked 
| 275|0x0000000091300000, 0x0000000091300000, 0x0000000091400000|  0%| F|  |TAMS 0x0000000091300000, 0x0000000091300000| Untracked 
| 276|0x0000000091400000, 0x0000000091400000, 0x0000000091500000|  0%| F|  |TAMS 0x0000000091400000, 0x0000000091400000| Untracked 
| 277|0x0000000091500000, 0x0000000091500000, 0x0000000091600000|  0%| F|  |TAMS 0x0000000091500000, 0x0000000091500000| Untracked 
| 278|0x0000000091600000, 0x0000000091600000, 0x0000000091700000|  0%| F|  |TAMS 0x0000000091600000, 0x0000000091600000| Untracked 
| 279|0x0000000091700000, 0x0000000091700000, 0x0000000091800000|  0%| F|  |TAMS 0x0000000091700000, 0x0000000091700000| Untracked 
| 280|0x0000000091800000, 0x0000000091800000, 0x0000000091900000|  0%| F|  |TAMS 0x0000000091800000, 0x0000000091800000| Untracked 
| 281|0x0000000091900000, 0x0000000091900000, 0x0000000091a00000|  0%| F|  |TAMS 0x0000000091900000, 0x0000000091900000| Untracked 
| 282|0x0000000091a00000, 0x0000000091b00000, 0x0000000091b00000|100%| S|CS|TAMS 0x0000000091a00000, 0x0000000091a00000| Complete 
| 283|0x0000000091b00000, 0x0000000091c00000, 0x0000000091c00000|100%| S|CS|TAMS 0x0000000091b00000, 0x0000000091b00000| Complete 
| 284|0x0000000091c00000, 0x0000000091c00000, 0x0000000091d00000|  0%| F|  |TAMS 0x0000000091c00000, 0x0000000091c00000| Untracked 
| 285|0x0000000091d00000, 0x0000000091d00000, 0x0000000091e00000|  0%| F|  |TAMS 0x0000000091d00000, 0x0000000091d00000| Untracked 
| 286|0x0000000091e00000, 0x0000000091e00000, 0x0000000091f00000|  0%| F|  |TAMS 0x0000000091e00000, 0x0000000091e00000| Untracked 
| 287|0x0000000091f00000, 0x0000000091f00000, 0x0000000092000000|  0%| F|  |TAMS 0x0000000091f00000, 0x0000000091f00000| Untracked 
| 288|0x0000000092000000, 0x0000000092000000, 0x0000000092100000|  0%| F|  |TAMS 0x0000000092000000, 0x0000000092000000| Untracked 
| 289|0x0000000092100000, 0x0000000092100000, 0x0000000092200000|  0%| F|  |TAMS 0x0000000092100000, 0x0000000092100000| Untracked 
| 290|0x0000000092200000, 0x0000000092200000, 0x0000000092300000|  0%| F|  |TAMS 0x0000000092200000, 0x0000000092200000| Untracked 
| 291|0x0000000092300000, 0x0000000092300000, 0x0000000092400000|  0%| F|  |TAMS 0x0000000092300000, 0x0000000092300000| Untracked 
| 292|0x0000000092400000, 0x0000000092400000, 0x0000000092500000|  0%| F|  |TAMS 0x0000000092400000, 0x0000000092400000| Untracked 
|2044|0x00000000ffc00000, 0x00000000ffd00000, 0x00000000ffd00000|100%| O|  |TAMS 0x00000000ffd00000, 0x00000000ffc00000| Untracked 
|2045|0x00000000ffd00000, 0x00000000ffe00000, 0x00000000ffe00000|100%| O|  |TAMS 0x00000000ffe00000, 0x00000000ffd00000| Untracked 
|2046|0x00000000ffe00000, 0x00000000fff00000, 0x00000000fff00000|100%| O|  |TAMS 0x00000000fff00000, 0x00000000ffe00000| Untracked 
|2047|0x00000000fff00000, 0x0000000100000000, 0x0000000100000000|100%| O|  |TAMS 0x0000000100000000, 0x00000000fff00000| Untracked 

Card table byte_map: [0x000001e2f9980000,0x000001e2f9d80000] _byte_map_base: 0x000001e2f9580000

Marking Bits (Prev, Next): (CMBitMap*) 0x000001e2f6105d10, (CMBitMap*) 0x000001e2f6105cd0
 Prev Bits: [0x000001e2fc180000, 0x000001e2fe180000)
 Next Bits: [0x000001e2fa180000, 0x000001e2fc180000)

Polling page: 0x000001e2f3ec0000

Metaspace:

Usage:
  Non-class:     88.26 MB used.
      Class:     13.90 MB used.
       Both:    102.16 MB used.

Virtual space:
  Non-class space:       96.00 MB reserved,      88.62 MB ( 92%) committed,  12 nodes.
      Class space:        1.00 GB reserved,      14.25 MB (  1%) committed,  1 nodes.
             Both:        1.09 GB reserved,     102.88 MB (  9%) committed. 

Chunk freelists:
   Non-Class:  2.50 MB
       Class:  1.59 MB
        Both:  4.09 MB

MaxMetaspaceSize: unlimited
CompressedClassSpaceSize: 1.00 GB
Initial GC threshold: 21.00 MB
Current GC threshold: 171.50 MB
CDS: off
MetaspaceReclaimPolicy: balanced
 - commit_granule_bytes: 65536.
 - commit_granule_words: 8192.
 - virtual_space_node_default_size: 1048576.
 - enlarge_chunks_in_place: 1.
 - new_chunks_are_fully_committed: 0.
 - uncommit_free_chunks: 1.
 - use_allocation_guard: 0.
 - handle_deallocations: 1.


Internal statistics:

num_allocs_failed_limit: 6.
num_arena_births: 1000.
num_arena_deaths: 4.
num_vsnodes_births: 13.
num_vsnodes_deaths: 0.
num_space_committed: 1646.
num_space_uncommitted: 0.
num_chunks_returned_to_freelist: 11.
num_chunks_taken_from_freelist: 4874.
num_chunk_merges: 6.
num_chunk_splits: 3246.
num_chunks_enlarged: 2214.
num_purges: 2.
num_inconsistent_stats: 0.

CodeHeap 'non-profiled nmethods': size=120000Kb used=6088Kb max_used=6818Kb free=113911Kb
 bounds [0x000001e287ad0000, 0x000001e288180000, 0x000001e28f000000]
CodeHeap 'profiled nmethods': size=120000Kb used=22561Kb max_used=23226Kb free=97438Kb
 bounds [0x000001e280000000, 0x000001e2816f0000, 0x000001e287530000]
CodeHeap 'non-nmethods': size=5760Kb used=2419Kb max_used=2465Kb free=3340Kb
 bounds [0x000001e287530000, 0x000001e2877a0000, 0x000001e287ad0000]
 total_blobs=12388 nmethods=11432 adapters=868
 compilation: enabled
              stopped_count=0, restarted_count=0
 full_count=0

Compilation events (20 events):
Event: 28.171 Thread 0x000001e2ff01d010 13744       2       com.android.tools.r8.dex.code.y3::<init> (13 bytes)
Event: 28.171 Thread 0x000001e2ff01d010 nmethod 13744 0x000001e28027b410 code [0x000001e28027b5a0, 0x000001e28027b6c8]
Event: 28.172 Thread 0x000001e2ff01d010 13745       2       com.android.tools.r8.dex.code.S3::<init> (13 bytes)
Event: 28.172 Thread 0x000001e2968bf7a0 nmethod 13719 0x000001e287d1c910 code [0x000001e287d1caa0, 0x000001e287d1cd98]
Event: 28.172 Thread 0x000001e2ff01d010 nmethod 13745 0x000001e28027b010 code [0x000001e28027b1a0, 0x000001e28027b2c8]
Event: 28.172 Thread 0x000001e2968bf7a0 13684       4       com.android.tools.r8.dex.B::a (829 bytes)
Event: 28.172 Thread 0x000001e2ff01d010 13746       2       com.android.tools.r8.dex.code.O::a (3284 bytes)
Event: 28.184 Thread 0x000001e2ff01d010 nmethod 13746 0x000001e2816d9490 code [0x000001e2816dadc0, 0x000001e2816e5848]
Event: 28.210 Thread 0x000001e2ff01d010 13748       2       com.android.tools.r8.dex.code.b1::<init> (20 bytes)
Event: 28.210 Thread 0x000001e2ff01d010 nmethod 13748 0x000001e28027ab90 code [0x000001e28027ad40, 0x000001e28027aec8]
Event: 28.227 Thread 0x000001e2ff01d010 13749       2       com.android.tools.r8.dex.code.b1::hashCode (22 bytes)
Event: 28.227 Thread 0x000001e2ff01d010 nmethod 13749 0x000001e2811e4310 code [0x000001e2811e44a0, 0x000001e2811e45e8]
Event: 28.230 Thread 0x000001e2ff01d010 13750       2       com.android.tools.r8.dex.code.Q0::hashCode (28 bytes)
Event: 28.231 Thread 0x000001e2ff01d010 nmethod 13750 0x000001e28027a790 code [0x000001e28027a920, 0x000001e28027aa88]
Event: 28.289 Thread 0x000001e2ff01d010 13753       2       com.android.tools.r8.dex.code.N3::<init> (85 bytes)
Event: 28.289 Thread 0x000001e2ff01d010 nmethod 13753 0x000001e280b18010 code [0x000001e280b18220, 0x000001e280b18948]
Event: 28.454 Thread 0x000001e2ff01d010 13756       2       com.android.tools.r8.dex.code.y0::<init> (97 bytes)
Event: 28.454 Thread 0x000001e2ff01d010 nmethod 13756 0x000001e280c8f090 code [0x000001e280c8f260, 0x000001e280c8f6c8]
Event: 28.472 Thread 0x000001e2ff01d010 13758       2       com.android.tools.r8.dex.code.B1::c (15 bytes)
Event: 28.472 Thread 0x000001e2ff01d010 nmethod 13758 0x000001e280b17a10 code [0x000001e280b17bc0, 0x000001e280b17cf8]

GC Heap History (20 events):
Event: 19.994 GC heap after
{Heap after GC invocations=29 (full 0):
 garbage-first heap   total 177152K, used 90991K [0x0000000080000000, 0x0000000100000000)
  region size 1024K, 9 young (9216K), 9 survivors (9216K)
 Metaspace       used 87925K, committed 88576K, reserved 1130496K
  class space    used 11997K, committed 12288K, reserved 1048576K
}
Event: 20.807 GC heap before
{Heap before GC invocations=29 (full 0):
 garbage-first heap   total 177152K, used 127855K [0x0000000080000000, 0x0000000100000000)
  region size 1024K, 47 young (48128K), 9 survivors (9216K)
 Metaspace       used 88540K, committed 89280K, reserved 1130496K
  class space    used 12053K, committed 12416K, reserved 1048576K
}
Event: 20.831 GC heap after
{Heap after GC invocations=30 (full 0):
 garbage-first heap   total 177152K, used 101888K [0x0000000080000000, 0x0000000100000000)
  region size 1024K, 7 young (7168K), 7 survivors (7168K)
 Metaspace       used 88540K, committed 89280K, reserved 1130496K
  class space    used 12053K, committed 12416K, reserved 1048576K
}
Event: 22.115 GC heap before
{Heap before GC invocations=31 (full 0):
 garbage-first heap   total 199680K, used 146944K [0x0000000080000000, 0x0000000100000000)
  region size 1024K, 37 young (37888K), 7 survivors (7168K)
 Metaspace       used 91295K, committed 91968K, reserved 1130496K
  class space    used 12334K, committed 12672K, reserved 1048576K
}
Event: 22.140 GC heap after
{Heap after GC invocations=32 (full 0):
 garbage-first heap   total 199680K, used 102088K [0x0000000080000000, 0x0000000100000000)
  region size 1024K, 2 young (2048K), 2 survivors (2048K)
 Metaspace       used 91295K, committed 91968K, reserved 1130496K
  class space    used 12334K, committed 12672K, reserved 1048576K
}
Event: 22.319 GC heap before
{Heap before GC invocations=32 (full 0):
 garbage-first heap   total 199680K, used 109256K [0x0000000080000000, 0x0000000100000000)
  region size 1024K, 9 young (9216K), 2 survivors (2048K)
 Metaspace       used 91863K, committed 92544K, reserved 1130496K
  class space    used 12401K, committed 12736K, reserved 1048576K
}
Event: 22.324 GC heap after
{Heap after GC invocations=33 (full 0):
 garbage-first heap   total 239616K, used 102597K [0x0000000080000000, 0x0000000100000000)
  region size 1024K, 1 young (1024K), 1 survivors (1024K)
 Metaspace       used 91863K, committed 92544K, reserved 1130496K
  class space    used 12401K, committed 12736K, reserved 1048576K
}
Event: 24.222 GC heap before
{Heap before GC invocations=33 (full 0):
 garbage-first heap   total 239616K, used 179397K [0x0000000080000000, 0x0000000100000000)
  region size 1024K, 77 young (78848K), 1 survivors (1024K)
 Metaspace       used 97569K, committed 98240K, reserved 1138688K
  class space    used 13128K, committed 13440K, reserved 1048576K
}
Event: 24.235 GC heap after
{Heap after GC invocations=34 (full 0):
 garbage-first heap   total 239616K, used 108724K [0x0000000080000000, 0x0000000100000000)
  region size 1024K, 7 young (7168K), 7 survivors (7168K)
 Metaspace       used 97569K, committed 98240K, reserved 1138688K
  class space    used 13128K, committed 13440K, reserved 1048576K
}
Event: 25.609 GC heap before
{Heap before GC invocations=34 (full 0):
 garbage-first heap   total 239616K, used 173236K [0x0000000080000000, 0x0000000100000000)
  region size 1024K, 66 young (67584K), 7 survivors (7168K)
 Metaspace       used 98353K, committed 99008K, reserved 1138688K
  class space    used 13213K, committed 13504K, reserved 1048576K
}
Event: 25.631 GC heap after
{Heap after GC invocations=35 (full 0):
 garbage-first heap   total 239616K, used 120795K [0x0000000080000000, 0x0000000100000000)
  region size 1024K, 6 young (6144K), 6 survivors (6144K)
 Metaspace       used 98353K, committed 99008K, reserved 1138688K
  class space    used 13213K, committed 13504K, reserved 1048576K
}
Event: 26.950 GC heap before
{Heap before GC invocations=36 (full 0):
 garbage-first heap   total 239616K, used 215003K [0x0000000080000000, 0x0000000100000000)
  region size 1024K, 73 young (74752K), 6 survivors (6144K)
 Metaspace       used 102254K, committed 103040K, reserved 1138688K
  class space    used 13759K, committed 14144K, reserved 1048576K
}
Event: 27.003 GC heap after
{Heap after GC invocations=37 (full 0):
 garbage-first heap   total 243712K, used 151091K [0x0000000080000000, 0x0000000100000000)
  region size 1024K, 10 young (10240K), 10 survivors (10240K)
 Metaspace       used 102254K, committed 103040K, reserved 1138688K
  class space    used 13759K, committed 14144K, reserved 1048576K
}
Event: 27.073 GC heap before
{Heap before GC invocations=37 (full 0):
 garbage-first heap   total 243712K, used 152115K [0x0000000080000000, 0x0000000100000000)
  region size 1024K, 11 young (11264K), 10 survivors (10240K)
 Metaspace       used 102569K, committed 103296K, reserved 1138688K
  class space    used 13809K, committed 14144K, reserved 1048576K
}
Event: 27.096 GC heap after
{Heap after GC invocations=38 (full 0):
 garbage-first heap   total 243712K, used 145408K [0x0000000080000000, 0x0000000100000000)
  region size 1024K, 1 young (1024K), 1 survivors (1024K)
 Metaspace       used 102569K, committed 103296K, reserved 1138688K
  class space    used 13809K, committed 14144K, reserved 1048576K
}
Event: 27.821 GC heap before
{Heap before GC invocations=38 (full 0):
 garbage-first heap   total 243712K, used 190464K [0x0000000080000000, 0x0000000100000000)
  region size 1024K, 45 young (46080K), 1 survivors (1024K)
 Metaspace       used 104595K, committed 105344K, reserved 1146880K
  class space    used 14230K, committed 14592K, reserved 1048576K
}
Event: 27.849 GC heap after
{Heap after GC invocations=39 (full 0):
 garbage-first heap   total 243712K, used 165741K [0x0000000080000000, 0x0000000100000000)
  region size 1024K, 6 young (6144K), 6 survivors (6144K)
 Metaspace       used 104595K, committed 105344K, reserved 1146880K
  class space    used 14230K, committed 14592K, reserved 1048576K
}
Event: 28.397 GC heap before
{Heap before GC invocations=40 (full 0):
 garbage-first heap   total 304128K, used 192365K [0x0000000080000000, 0x0000000100000000)
  region size 1024K, 33 young (33792K), 6 survivors (6144K)
 Metaspace       used 104614K, committed 105344K, reserved 1146880K
  class space    used 14230K, committed 14592K, reserved 1048576K
}
Event: 28.434 GC heap after
{Heap after GC invocations=41 (full 0):
 garbage-first heap   total 304128K, used 180224K [0x0000000080000000, 0x0000000100000000)
  region size 1024K, 5 young (5120K), 5 survivors (5120K)
 Metaspace       used 104614K, committed 105344K, reserved 1146880K
  class space    used 14230K, committed 14592K, reserved 1048576K
}
Event: 28.524 GC heap before
{Heap before GC invocations=41 (full 0):
 garbage-first heap   total 304128K, used 189440K [0x0000000080000000, 0x0000000100000000)
  region size 1024K, 14 young (14336K), 5 survivors (5120K)
 Metaspace       used 104614K, committed 105344K, reserved 1146880K
  class space    used 14230K, committed 14592K, reserved 1048576K
}

Dll operation events (2 events):
Event: 0.006 Loaded shared library C:\Program Files\Android\Android Studio\jbr\bin\java.dll
Event: 0.545 Loaded shared library C:\Program Files\Android\Android Studio\jbr\bin\verify.dll

Deoptimization events (20 events):
Event: 27.237 Thread 0x000001e29b72e6e0 DEOPT PACKING pc=0x000001e287fc1db4 sp=0x000000b2bdefeb50
Event: 27.237 Thread 0x000001e29b72e6e0 DEOPT UNPACKING pc=0x000001e2875869a3 sp=0x000000b2bdefeaf0 mode 2
Event: 27.244 Thread 0x000001e29b72d870 Uncommon trap: trap_request=0xffffff45 fr.pc=0x000001e287cd8268 relative=0x0000000000000148
Event: 27.244 Thread 0x000001e29b72d870 Uncommon trap: reason=unstable_if action=reinterpret pc=0x000001e287cd8268 method=com.android.tools.r8.internal.xp.get(I)Ljava/lang/Object; @ 1 c2
Event: 27.244 Thread 0x000001e29b72d870 DEOPT PACKING pc=0x000001e287cd8268 sp=0x000000b2bddfecd0
Event: 27.244 Thread 0x000001e29b72d870 DEOPT UNPACKING pc=0x000001e2875869a3 sp=0x000000b2bddfec68 mode 2
Event: 27.588 Thread 0x000001e29b72c530 Uncommon trap: trap_request=0xffffff45 fr.pc=0x000001e287e57d4c relative=0x0000000000005aac
Event: 27.588 Thread 0x000001e29b72c530 Uncommon trap: reason=unstable_if action=reinterpret pc=0x000001e287e57d4c method=com.android.tools.r8.dex.code.O.a(IILcom/android/tools/r8/dex/code/a;Lcom/android/tools/r8/graph/p5;)Lcom/android/tools/r8/dex/code/B1; @ 505 c2
Event: 27.588 Thread 0x000001e29b72c530 DEOPT PACKING pc=0x000001e287e57d4c sp=0x000000b2bdffed40
Event: 27.588 Thread 0x000001e29b72c530 DEOPT UNPACKING pc=0x000001e2875869a3 sp=0x000000b2bdffecf0 mode 2
Event: 27.645 Thread 0x000001e29b72d870 Uncommon trap: trap_request=0xffffff45 fr.pc=0x000001e287fa65f4 relative=0x0000000000000354
Event: 27.645 Thread 0x000001e29b72d870 Uncommon trap: reason=unstable_if action=reinterpret pc=0x000001e287fa65f4 method=java.util.concurrent.ConcurrentLinkedQueue.offer(Ljava/lang/Object;)Z @ 42 c2
Event: 27.645 Thread 0x000001e29b72d870 DEOPT PACKING pc=0x000001e287fa65f4 sp=0x000000b2bddfedc0
Event: 27.645 Thread 0x000001e29b72d870 DEOPT UNPACKING pc=0x000001e2875869a3 sp=0x000000b2bddfecf8 mode 2
Event: 27.760 Thread 0x000001e29b72c530 DEOPT PACKING pc=0x000001e280b881e4 sp=0x000000b2bdffeda0
Event: 27.760 Thread 0x000001e29b72c530 DEOPT UNPACKING pc=0x000001e287587143 sp=0x000000b2bdffe2b8 mode 0
Event: 28.172 Thread 0x000001e29b72c060 Uncommon trap: trap_request=0x0000027d fr.pc=0x000001e287ea8044 relative=0x00000000000076a4
Event: 28.172 Thread 0x000001e29b72c060 Uncommon trap: reason=unloaded action=reinterpret pc=0x000001e287ea8044 method=com.android.tools.r8.dex.code.O.a(IILcom/android/tools/r8/dex/code/a;Lcom/android/tools/r8/graph/p5;)Lcom/android/tools/r8/dex/code/B1; @ 3008 c2
Event: 28.172 Thread 0x000001e29b72c060 DEOPT PACKING pc=0x000001e287ea8044 sp=0x000000b2bdcfed50
Event: 28.172 Thread 0x000001e29b72c060 DEOPT UNPACKING pc=0x000001e2875869a3 sp=0x000000b2bdcfed08 mode 2

Classes unloaded (2 events):
Event: 21.055 Thread 0x000001e2fe66ab30 Unloading class 0x0000000100b90800 'java/lang/invoke/LambdaForm$DMH+0x0000000100b90800'
Event: 21.055 Thread 0x000001e2fe66ab30 Unloading class 0x0000000100b90400 'java/lang/invoke/LambdaForm$DMH+0x0000000100b90400'

Classes redefined (0 events):
No events

Internal exceptions (20 events):
Event: 24.250 Thread 0x000001e29971b1f0 Exception <a 'sun/nio/fs/WindowsException'{0x000000008e885250}> (0x000000008e885250) 
thrown [s\src\hotspot\share\prims\jni.cpp, line 517]
Event: 24.250 Thread 0x000001e29971b1f0 Exception <a 'sun/nio/fs/WindowsException'{0x000000008e8855c8}> (0x000000008e8855c8) 
thrown [s\src\hotspot\share\prims\jni.cpp, line 517]
Event: 25.409 Thread 0x000001e2946c0390 Exception <a 'sun/nio/fs/WindowsException'{0x000000008bbc7a80}> (0x000000008bbc7a80) 
thrown [s\src\hotspot\share\prims\jni.cpp, line 517]
Event: 25.555 Thread 0x000001e2946c0390 Exception <a 'sun/nio/fs/WindowsException'{0x000000008b591c88}> (0x000000008b591c88) 
thrown [s\src\hotspot\share\prims\jni.cpp, line 517]
Event: 25.703 Thread 0x000001e2946c0390 Exception <a 'sun/nio/fs/WindowsException'{0x000000008e900aa0}> (0x000000008e900aa0) 
thrown [s\src\hotspot\share\prims\jni.cpp, line 517]
Event: 25.703 Thread 0x000001e2946c0390 Exception <a 'sun/nio/fs/WindowsException'{0x000000008e900e60}> (0x000000008e900e60) 
thrown [s\src\hotspot\share\prims\jni.cpp, line 517]
Event: 25.949 Thread 0x000001e29971ced0 Exception <a 'sun/nio/fs/WindowsException'{0x000000008e64bc00}> (0x000000008e64bc00) 
thrown [s\src\hotspot\share\prims\jni.cpp, line 517]
Event: 26.076 Thread 0x000001e29971b1f0 Exception <a 'java/lang/NoSuchMethodError'{0x000000008e38f2d8}: 'void java.lang.invoke.DirectMethodHandle$Holder.invokeStatic(java.lang.Object, long)'> (0x000000008e38f2d8) 
thrown [s\src\hotspot\share\interpreter\linkResolver.cpp, line 771]
Event: 26.076 Thread 0x000001e29971b1f0 Exception <a 'java/lang/NoSuchMethodError'{0x000000008e394bd8}: 'java.lang.Object java.lang.invoke.DirectMethodHandle$Holder.newInvokeSpecial(java.lang.Object, long)'> (0x000000008e394bd8) 
thrown [s\src\hotspot\share\interpreter\linkResolver.cpp, line 771]
Event: 26.078 Thread 0x000001e29971b1f0 Exception <a 'java/lang/NoSuchMethodError'{0x000000008e3b27a8}: 'java.lang.Object java.lang.invoke.DirectMethodHandle$Holder.invokeStatic(java.lang.Object, java.lang.Object, long, java.lang.Object)'> (0x000000008e3b27a8) 
thrown [s\src\hotspot\share\interpreter\linkResolver.cpp, line 771]
Event: 26.079 Thread 0x000001e29971b1f0 Exception <a 'java/lang/NoSuchMethodError'{0x000000008e3b6228}: 'java.lang.Object java.lang.invoke.DirectMethodHandle$Holder.invokeStaticInit(java.lang.Object, java.lang.Object, long, java.lang.Object)'> (0x000000008e3b6228) 
thrown [s\src\hotspot\share\interpreter\linkResolver.cpp, line 771]
Event: 26.208 Thread 0x000001e29971b1f0 Exception <a 'java/lang/NoSuchMethodError'{0x000000008de61b18}: 'int java.lang.invoke.DirectMethodHandle$Holder.invokeSpecialIFC(java.lang.Object, java.lang.Object, java.lang.Object)'> (0x000000008de61b18) 
thrown [s\src\hotspot\share\interpreter\linkResolver.cpp, line 771]
Event: 26.238 Thread 0x000001e29971ced0 Exception <a 'java/lang/NoSuchMethodError'{0x000000008dc2fd18}: 'java.lang.Object java.lang.invoke.DirectMethodHandle$Holder.invokeStaticInit(java.lang.Object, java.lang.Object, java.lang.Object, java.lang.Object, java.lang.Object, java.lang.Object, java.lang.Object, java.lang.Object, java.lang.Object, java.lang.Object, java.lang.Object, java.lang.Object, java.lang.Object, java.lang.Object, java.lang.Object, java.lang.Object, java.lang.Object, java.lang.Object, java.lang.Object, int, java.lang.Object, java
Event: 26.933 Thread 0x000001e29b72c530 Exception <a 'java/lang/IncompatibleClassChangeError'{0x000000008a170900}: Found class java.lang.Object, but interface was expected> (0x000000008a170900) 
thrown [s\src\hotspot\share\interpreter\linkResolver.cpp, line 838]
Event: 27.064 Thread 0x000001e29b72c530 Exception <a 'java/lang/NoSuchMethodError'{0x000000008e9c4320}: 'long java.lang.invoke.DirectMethodHandle$Holder.invokeStatic(java.lang.Object, java.lang.Object, java.lang.Object)'> (0x000000008e9c4320) 
thrown [s\src\hotspot\share\interpreter\linkResolver.cpp, line 771]
Event: 27.235 Thread 0x000001e29b72e6e0 Exception <a 'java/lang/IncompatibleClassChangeError'{0x000000008e541290}: Found class java.lang.Object, but interface was expected> (0x000000008e541290) 
thrown [s\src\hotspot\share\interpreter\linkResolver.cpp, line 838]
Event: 27.235 Thread 0x000001e29b72c060 Exception <a 'java/lang/IncompatibleClassChangeError'{0x000000008e54ed48}: Found class java.lang.Object, but interface was expected> (0x000000008e54ed48) 
thrown [s\src\hotspot\share\interpreter\linkResolver.cpp, line 838]
Event: 27.236 Thread 0x000001e29b72e6e0 Exception <a 'java/lang/IncompatibleClassChangeError'{0x000000008e55e828}: Found class java.lang.Object, but interface was expected> (0x000000008e55e828) 
thrown [s\src\hotspot\share\interpreter\linkResolver.cpp, line 838]
Event: 27.236 Thread 0x000001e29b72c060 Exception <a 'java/lang/IncompatibleClassChangeError'{0x000000008e5530c8}: Found class java.lang.Object, but interface was expected> (0x000000008e5530c8) 
thrown [s\src\hotspot\share\interpreter\linkResolver.cpp, line 838]
Event: 27.236 Thread 0x000001e29b72c530 Exception <a 'java/lang/IncompatibleClassChangeError'{0x000000008e510e88}: Found class java.lang.Object, but interface was expected> (0x000000008e510e88) 
thrown [s\src\hotspot\share\interpreter\linkResolver.cpp, line 838]

VM Operations (20 events):
Event: 26.480 Executing VM operation: HandshakeAllThreads done
Event: 26.510 Executing VM operation: HandshakeAllThreads
Event: 26.511 Executing VM operation: HandshakeAllThreads done
Event: 26.715 Executing VM operation: HandshakeAllThreads
Event: 26.716 Executing VM operation: HandshakeAllThreads done
Event: 26.950 Executing VM operation: G1CollectForAllocation
Event: 27.013 Executing VM operation: G1CollectForAllocation done
Event: 27.073 Executing VM operation: G1CollectForAllocation
Event: 27.097 Executing VM operation: G1CollectForAllocation done
Event: 27.734 Executing VM operation: HandshakeAllThreads
Event: 27.758 Executing VM operation: HandshakeAllThreads done
Event: 27.815 Executing VM operation: G1CollectForAllocation
Event: 27.880 Executing VM operation: G1CollectForAllocation done
Event: 28.197 Executing VM operation: G1Concurrent
Event: 28.215 Executing VM operation: G1Concurrent done
Event: 28.376 Executing VM operation: G1Concurrent
Event: 28.384 Executing VM operation: G1Concurrent done
Event: 28.397 Executing VM operation: G1CollectForAllocation
Event: 28.434 Executing VM operation: G1CollectForAllocation done
Event: 28.524 Executing VM operation: G1CollectForAllocation

Events (20 events):
Event: 26.879 loading class java/util/concurrent/ForkJoinTask$Aux done
Event: 26.880 loading class java/util/concurrent/ForkJoinPool$DefaultForkJoinWorkerThreadFactory$1
Event: 26.880 loading class java/util/concurrent/ForkJoinPool$DefaultForkJoinWorkerThreadFactory$1 done
Event: 26.881 Thread 0x000001e29b72c060 Thread added: 0x000001e29b72c060
Event: 26.883 Thread 0x000001e29b72d870 Thread added: 0x000001e29b72d870
Event: 26.884 Thread 0x000001e29b72e6e0 Thread added: 0x000001e29b72e6e0
Event: 26.885 Thread 0x000001e29b72c530 Thread added: 0x000001e29b72c530
Event: 26.944 loading class java/lang/reflect/GenericSignatureFormatError
Event: 26.944 loading class java/lang/reflect/GenericSignatureFormatError done
Event: 27.062 loading class java/util/AbstractList$RandomAccessSubList
Event: 27.062 loading class java/util/AbstractList$SubList
Event: 27.062 loading class java/util/AbstractList$SubList done
Event: 27.062 loading class java/util/AbstractList$RandomAccessSubList done
Event: 27.063 loading class java/util/AbstractList$SubList$1
Event: 27.063 loading class java/util/AbstractList$SubList$1 done
Event: 27.221 loading class java/nio/ShortBuffer
Event: 27.221 loading class java/nio/ShortBuffer done
Event: 27.222 loading class java/nio/HeapShortBuffer
Event: 27.222 loading class java/nio/HeapShortBuffer done
Event: 27.526 Thread 0x000001e29971a380 Thread exited: 0x000001e29971a380


Dynamic libraries:
0x00007ff72d260000 - 0x00007ff72d26a000 	C:\Program Files\Android\Android Studio\jbr\bin\java.exe
0x00007ffe86060000 - 0x00007ffe86267000 	C:\Windows\SYSTEM32\ntdll.dll
0x00007ffe85100000 - 0x00007ffe851bd000 	C:\Windows\System32\KERNEL32.DLL
0x00007ffe835f0000 - 0x00007ffe83962000 	C:\Windows\System32\KERNELBASE.dll
0x00007ffe83ca0000 - 0x00007ffe83db1000 	C:\Windows\System32\ucrtbase.dll
0x00007ffe605b0000 - 0x00007ffe605c7000 	C:\Program Files\Android\Android Studio\jbr\bin\jli.dll
0x00007ffe85850000 - 0x00007ffe859fc000 	C:\Windows\System32\USER32.dll
0x00007ffe83dc0000 - 0x00007ffe83de6000 	C:\Windows\System32\win32u.dll
0x00007ffe84aa0000 - 0x00007ffe84ac9000 	C:\Windows\System32\GDI32.dll
0x00007ffe83ae0000 - 0x00007ffe83bf2000 	C:\Windows\System32\gdi32full.dll
0x00007ffe83c00000 - 0x00007ffe83c9d000 	C:\Windows\System32\msvcp_win.dll
0x00007ffe5ea80000 - 0x00007ffe5ea9b000 	C:\Program Files\Android\Android Studio\jbr\bin\VCRUNTIME140.dll
0x00007ffe75910000 - 0x00007ffe75bb5000 	C:\Windows\WinSxS\amd64_microsoft.windows.common-controls_6595b64144ccf1df_6.0.21996.1_none_7d6b053978bcd706\COMCTL32.dll
0x00007ffe84f40000 - 0x00007ffe84fe3000 	C:\Windows\System32\msvcrt.dll
0x00007ffe85050000 - 0x00007ffe85081000 	C:\Windows\System32\IMM32.DLL
0x00007ffe7ff70000 - 0x00007ffe7ff7c000 	C:\Program Files\Android\Android Studio\jbr\bin\vcruntime140_1.dll
0x00007ffe5c270000 - 0x00007ffe5c2fd000 	C:\Program Files\Android\Android Studio\jbr\bin\msvcp140.dll
0x00007ffe5c9f0000 - 0x00007ffe5d65d000 	C:\Program Files\Android\Android Studio\jbr\bin\server\jvm.dll
0x00007ffe83f30000 - 0x00007ffe83fdc000 	C:\Windows\System32\ADVAPI32.dll
0x00007ffe84750000 - 0x00007ffe847ed000 	C:\Windows\System32\sechost.dll
0x00007ffe851f0000 - 0x00007ffe85311000 	C:\Windows\System32\RPCRT4.dll
0x00007ffe7ff80000 - 0x00007ffe7ff89000 	C:\Windows\SYSTEM32\WSOCK32.dll
0x00007ffe854c0000 - 0x00007ffe8552f000 	C:\Windows\System32\WS2_32.dll
0x00007ffe7cc00000 - 0x00007ffe7cc33000 	C:\Windows\SYSTEM32\WINMM.dll
0x00007ffe78af0000 - 0x00007ffe78afa000 	C:\Windows\SYSTEM32\VERSION.dll
0x00007ffe826b0000 - 0x00007ffe826c7000 	C:\Windows\SYSTEM32\kernel.appcore.dll
0x00007ffe7ff20000 - 0x00007ffe7ff2a000 	C:\Program Files\Android\Android Studio\jbr\bin\jimage.dll
0x00007ffe5e620000 - 0x00007ffe5e841000 	C:\Windows\SYSTEM32\DBGHELP.DLL
0x00007ffe752e0000 - 0x00007ffe75311000 	C:\Windows\SYSTEM32\dbgcore.DLL
0x00007ffe83eb0000 - 0x00007ffe83f30000 	C:\Windows\System32\bcryptPrimitives.dll
0x00007ffe70b00000 - 0x00007ffe70b25000 	C:\Program Files\Android\Android Studio\jbr\bin\java.dll
0x00007ffe79050000 - 0x00007ffe79068000 	C:\Program Files\Android\Android Studio\jbr\bin\zip.dll
0x00007ffe83fe0000 - 0x00007ffe84749000 	C:\Windows\System32\SHELL32.dll
0x00007ffe81740000 - 0x00007ffe81f98000 	C:\Windows\SYSTEM32\windows.storage.dll
0x00007ffe84ad0000 - 0x00007ffe84e45000 	C:\Windows\System32\combase.dll
0x00007ffe815d0000 - 0x00007ffe81736000 	C:\Windows\SYSTEM32\wintypes.dll
0x00007ffe84e50000 - 0x00007ffe84f3a000 	C:\Windows\System32\SHCORE.dll
0x00007ffe85530000 - 0x00007ffe8558d000 	C:\Windows\System32\shlwapi.dll
0x00007ffe834b0000 - 0x00007ffe834d1000 	C:\Windows\SYSTEM32\profapi.dll
0x00007ffe74ec0000 - 0x00007ffe74ed9000 	C:\Program Files\Android\Android Studio\jbr\bin\net.dll
0x00007ffe7d100000 - 0x00007ffe7d20c000 	C:\Windows\SYSTEM32\WINHTTP.dll
0x00007ffe82ac0000 - 0x00007ffe82b27000 	C:\Windows\system32\mswsock.dll
0x00007ffe746e0000 - 0x00007ffe746f6000 	C:\Program Files\Android\Android Studio\jbr\bin\nio.dll
0x00007ffe7ce30000 - 0x00007ffe7ce40000 	C:\Program Files\Android\Android Studio\jbr\bin\verify.dll
0x00007ffe80000000 - 0x00007ffe80027000 	C:\Users\STAR\.gradle\native\68d5fa5c4cc2d200863cafc0d521ce42e7d3e7ee720ec0a83991735586a16f82\windows-amd64\native-platform.dll
0x00007ffe5a710000 - 0x00007ffe5a854000 	C:\Users\STAR\.gradle\native\e376f236ea51e6404a007f0833ffe2c6e607c4080706a723a18a27aeea778392\windows-amd64\native-platform-file-events.dll
0x00007ffe7ff10000 - 0x00007ffe7ff19000 	C:\Program Files\Android\Android Studio\jbr\bin\management.dll
0x00007ffe7ef00000 - 0x00007ffe7ef0b000 	C:\Program Files\Android\Android Studio\jbr\bin\management_ext.dll
0x00007ffe848d0000 - 0x00007ffe848d8000 	C:\Windows\System32\PSAPI.DLL
0x00007ffe82d00000 - 0x00007ffe82d18000 	C:\Windows\SYSTEM32\CRYPTSP.dll
0x00007ffe82610000 - 0x00007ffe82645000 	C:\Windows\system32\rsaenh.dll
0x00007ffe82bb0000 - 0x00007ffe82bd9000 	C:\Windows\SYSTEM32\USERENV.dll
0x00007ffe82f00000 - 0x00007ffe82f27000 	C:\Windows\SYSTEM32\bcrypt.dll
0x00007ffe82d20000 - 0x00007ffe82d2c000 	C:\Windows\SYSTEM32\CRYPTBASE.dll
0x00007ffe821f0000 - 0x00007ffe8221d000 	C:\Windows\SYSTEM32\IPHLPAPI.DLL
0x00007ffe850f0000 - 0x00007ffe850f9000 	C:\Windows\System32\NSI.dll
0x00007ffe7da10000 - 0x00007ffe7da29000 	C:\Windows\SYSTEM32\dhcpcsvc6.DLL
0x00007ffe7e210000 - 0x00007ffe7e22e000 	C:\Windows\SYSTEM32\dhcpcsvc.DLL
0x00007ffe82220000 - 0x00007ffe82305000 	C:\Windows\SYSTEM32\DNSAPI.dll
0x00007ffe79190000 - 0x00007ffe79198000 	C:\Windows\system32\wshunix.dll

dbghelp: loaded successfully - version: 4.0.5 - missing functions: none
symbol engine: initialized successfully - sym options: 0x614 - pdb path: .;C:\Program Files\Android\Android Studio\jbr\bin;C:\Windows\SYSTEM32;C:\Windows\WinSxS\amd64_microsoft.windows.common-controls_6595b64144ccf1df_6.0.21996.1_none_7d6b053978bcd706;C:\Program Files\Android\Android Studio\jbr\bin\server;C:\Users\STAR\.gradle\native\68d5fa5c4cc2d200863cafc0d521ce42e7d3e7ee720ec0a83991735586a16f82\windows-amd64;C:\Users\STAR\.gradle\native\e376f236ea51e6404a007f0833ffe2c6e607c4080706a723a18a27aeea778392\windows-amd64

VM Arguments:
jvm_args: --add-opens=java.base/java.util=ALL-UNNAMED --add-opens=java.base/java.lang=ALL-UNNAMED --add-opens=java.base/java.lang.invoke=ALL-UNNAMED --add-opens=java.prefs/java.util.prefs=ALL-UNNAMED --add-opens=java.base/java.nio.charset=ALL-UNNAMED --add-opens=java.base/java.net=ALL-UNNAMED --add-opens=java.base/java.util.concurrent.atomic=ALL-UNNAMED -Xmx2048m -Dfile.encoding=UTF-8 -Duser.country=US -Duser.language=en -Duser.variant 
java_command: org.gradle.launcher.daemon.bootstrap.GradleDaemon 8.0
java_class_path (initial): C:\Users\STAR\.gradle\wrapper\dists\gradle-8.0-bin\ca5e32bp14vu59qr306oxotwh\gradle-8.0\lib\gradle-launcher-8.0.jar
Launcher Type: SUN_STANDARD

[Global flags]
     intx CICompilerCount                          = 3                                         {product} {ergonomic}
     uint ConcGCThreads                            = 1                                         {product} {ergonomic}
     uint G1ConcRefinementThreads                  = 4                                         {product} {ergonomic}
   size_t G1HeapRegionSize                         = 1048576                                   {product} {ergonomic}
    uintx GCDrainStackTargetSize                   = 64                                        {product} {ergonomic}
   size_t InitialHeapSize                          = 134217728                                 {product} {ergonomic}
   size_t MarkStackSize                            = 4194304                                   {product} {ergonomic}
   size_t MaxHeapSize                              = 2147483648                                {product} {command line}
   size_t MaxNewSize                               = 1287651328                                {product} {ergonomic}
   size_t MinHeapDeltaBytes                        = 1048576                                   {product} {ergonomic}
   size_t MinHeapSize                              = 8388608                                   {product} {ergonomic}
    uintx NonNMethodCodeHeapSize                   = 5832780                                {pd product} {ergonomic}
    uintx NonProfiledCodeHeapSize                  = 122912730                              {pd product} {ergonomic}
    uintx ProfiledCodeHeapSize                     = 122912730                              {pd product} {ergonomic}
    uintx ReservedCodeCacheSize                    = 251658240                              {pd product} {ergonomic}
     bool SegmentedCodeCache                       = true                                      {product} {ergonomic}
   size_t SoftMaxHeapSize                          = 2147483648                             {manageable} {ergonomic}
     bool UseCompressedClassPointers               = true                           {product lp64_product} {ergonomic}
     bool UseCompressedOops                        = true                           {product lp64_product} {ergonomic}
     bool UseG1GC                                  = true                                      {product} {ergonomic}
     bool UseLargePagesIndividualAllocation        = false                                  {pd product} {ergonomic}

Logging:
Log output configuration:
 #0: stdout all=warning uptime,level,tags
 #1: stderr all=off uptime,level,tags

Environment Variables:
PATH=C:\Program Files\Common Files\Oracle\Java\javapath;C:\Windows\system32;C:\Windows;C:\Windows\System32\Wbem;C:\Windows\System32\WindowsPowerShell\v1.0\;C:\Windows\System32\OpenSSH\;C:\Users\STAR\AppData\Local\Programs\Python\Python311\Scripts\;C:\Users\STAR\AppData\Local\Programs\Python\Python311\;C:\Users\STAR\AppData\Local\Microsoft\WindowsApps;;D:\VS Code\Microsoft VS Code\bin
USERNAME=STAR
OS=Windows_NT
PROCESSOR_IDENTIFIER=Intel64 Family 6 Model 58 Stepping 9, GenuineIntel
TMP=C:\Users\STAR\AppData\Local\Temp
TEMP=C:\Users\STAR\AppData\Local\Temp



---------------  S Y S T E M  ---------------

OS:
 Windows 10 , 64 bit Build 21996 (10.0.21996.1)
OS uptime: 0 days 0:35 hours

CPU: total 4 (initial active 4) (2 cores per cpu, 2 threads per core) family 6 model 58 stepping 9 microcode 0x21, cx8, cmov, fxsr, ht, mmx, sse, sse2, sse3, ssse3, sse4.1, sse4.2, popcnt, tsc, tscinvbit, avx, aes, erms, clmul, vzeroupper, clflush

Memory: 4k page, system-wide physical 8095M (343M free)
TotalPageFile size 8095M (AvailPageFile size 490M)
current process WorkingSet (physical memory assigned to process): 571M, peak: 571M
current process commit charge ("private bytes"): 643M, peak: 1145M

vm_info: OpenJDK 64-Bit Server VM (17.0.6+0-b2043.56-9586694) for windows-amd64 JRE (17.0.6+0-b2043.56-9586694), built on Feb  9 2023 20:06:20 by "androidbuild" with MS VC++ 16.10 / 16.11 (VS2019)

END.
